This is pdfTeX, Version 3.141592653-2.6-1.40.22 (MiKTeX 21.2) (preloaded format=pdflatex 2021.5.19)  6 JUN 2021 20:08
entering extended mode
**./anexos.tex
(anexos.tex
LaTeX2e <2020-10-01> patch level 4
L3 programming layer <2021-02-18> xparse <2020-03-03>
(D:\Latex\MikTex\tex/latex/memoir\memoir.cls
Document Class: memoir 2021/03/23 v3.7o configurable book, report, article docu
ment class
\onelineskip=\skip47
\lxvchars=\skip48
\xlvchars=\skip49
\@memcnta=\count179
\c@@memmarkcntra=\count180
(D:\Latex\MikTex\tex/generic/iftex\iftex.sty
Package: iftex 2020/03/06 v1.0d TeX engine tests
)
\stockheight=\skip50
\stockwidth=\skip51
\trimtop=\skip52
\trimedge=\skip53

(D:\Latex\MikTex\tex/latex/memoir\mem12.clo
File: mem12.clo 2010/10/19 v0.4b memoir class 12pt size option
)
\binding=\skip54
\spinemargin=\skip55
\foremargin=\skip56
\uppermargin=\skip57
\lowermargin=\skip58
\headdrop=\skip59
\normalrulethickness=\skip60
\mem@maxheadheight=\skip61
\mem@maxfootheight=\skip62
\headwidth=\skip63
\c@storedpagenumber=\count181
\memPD=\dimen138
\m@mabparskip=\skip64
\thanksmarkwidth=\skip65
\thanksmarksep=\skip66
\droptitle=\skip67
\c@book=\count182
\c@part=\count183
\c@chapter=\count184
\c@section=\count185
\c@subsection=\count186
\c@subsubsection=\count187
\c@paragraph=\count188
\c@subparagraph=\count189
\beforechapskip=\skip68
\midchapskip=\skip69
\afterchapskip=\skip70
\chapindent=\skip71
\bottomsectionskip=\skip72
\secindent=\skip73
\beforesecskip=\skip74
\aftersecskip=\skip75
\subsecindent=\skip76
\beforesubsecskip=\skip77
\aftersubsecskip=\skip78
\subsubsecindent=\skip79
\beforesubsubsecskip=\skip80
\aftersubsubsecskip=\skip81
\paraindent=\skip82
\beforeparaskip=\skip83
\afterparaskip=\skip84
\subparaindent=\skip85
\beforesubparaskip=\skip86
\aftersubparaskip=\skip87
\pfbreakskip=\skip88
\c@@ppsavesec=\count190
\c@@ppsaveapp=\count191
\ragrparindent=\dimen139
\everylistparindent=\dimen140
\parsepi=\skip89
\topsepi=\skip90
\itemsepi=\skip91
\parsepii=\skip92
\topsepii=\skip93
\topsepiii=\skip94
\itemsepii=\skip95
\itemsepiii=\skip96
\partopsepii=\skip97
\partopsepiii=\skip98
\m@msavetopsep=\skip99
\m@msavepartopsep=\skip100
\@enLab=\toks15
\abstitleskip=\skip101
\absleftindent=\skip102
\abs@leftindent=\dimen141
\absrightindent=\skip103
\absparindent=\skip104
\absparsep=\skip105
\c@vslineno=\count192
\c@poemline=\count193
\c@modulo@vs=\count194
\c@memfvsline=\count195
\vleftskip=\skip106
\vrightskip=\skip107
\stanzaskip=\skip108
\versewidth=\skip109
\vgap=\skip110
\vindent=\skip111
\vleftmargin=\dimen142
\c@verse=\count196
\c@chrsinstr=\count197
\beforepoemtitleskip=\skip112
\afterpoemtitleskip=\skip113
\c@poem=\count198
\beforePoemTitleskip=\skip114
\midPoemTitleskip=\skip115
\afterPoemTitleskip=\skip116

(D:\Latex\MikTex\tex/latex/latex-tools\array.sty
Package: array 2020/10/01 v2.5c Tabular extension package (FMi)
\col@sep=\dimen143
\ar@mcellbox=\box47
\extrarowheight=\dimen144
\NC@list=\toks16
\extratabsurround=\skip117
\backup@length=\skip118
\ar@cellbox=\box48
)
(D:\Latex\MikTex\tex/latex/latex-tools\dcolumn.sty
Package: dcolumn 2014/10/28 v1.06 decimal alignment package (DPC)
)
(D:\Latex\MikTex\tex/latex/latex-tools\delarray.sty
Package: delarray 2014/10/28 v1.01 array delimiter package (DPC)
)
(D:\Latex\MikTex\tex/latex/latex-tools\tabularx.sty
Package: tabularx 2020/01/15 v2.11c `tabularx' package (DPC)
\TX@col@width=\dimen145
\TX@old@table=\dimen146
\TX@old@col=\dimen147
\TX@target=\dimen148
\TX@delta=\dimen149
\TX@cols=\count199
\TX@ftn=\toks17
)
\heavyrulewidth=\dimen150
\lightrulewidth=\dimen151
\cmidrulewidth=\dimen152
\belowrulesep=\dimen153
\belowbottomsep=\dimen154
\aboverulesep=\dimen155
\abovetopsep=\dimen156
\cmidrulesep=\dimen157
\cmidrulekern=\dimen158
\defaultaddspace=\dimen159
\@cmidla=\count266
\@cmidlb=\count267
\@aboverulesep=\dimen160
\@belowrulesep=\dimen161
\@thisruleclass=\count268
\@lastruleclass=\count269
\@thisrulewidth=\dimen162
\ctableftskip=\skip119
\ctabrightskip=\skip120
\abovecolumnspenalty=\count270
\@linestogo=\count271
\@cellstogo=\count272
\@cellsincolumn=\count273
\crtok=\toks18
\@mincolumnwidth=\dimen163
\c@newflo@tctr=\count274
\mem@margin@floatbox=\box49
\@contcwidth=\skip121
\@contindw=\skip122
\abovecaptionskip=\skip123
\belowcaptionskip=\skip124
\subfloattopskip=\skip125
\subfloatcapskip=\skip126
\subfloatcaptopadj=\skip127
\subfloatbottomskip=\skip128
\subfloatlabelskip=\skip129
\subfloatcapmargin=\dimen164
\c@@contsubnum=\count275
\m@mscap@capbox=\box50
\m@mscap@fbox=\box51
\sidecapsep=\dimen165
\sidecapwidth=\dimen166
\m@m@tempdima=\dimen167
\m@mscapraise=\dimen168
\sidecapraise=\dimen169
\m@mscapmainwidth=\dimen170
\m@mscaplkern=\dimen171
\beforeepigraphskip=\skip130
\afterepigraphskip=\skip131
\epigraphwidth=\skip132
\epigraphrule=\skip133
LaTeX Info: Redefining \em on input line 7650.
LaTeX Info: Redefining \emph on input line 7658.
\tocentryskip=\skip134
\tocbaseline=\skip135
\cftparskip=\skip136
\cftbeforebookskip=\skip137
\cftbookindent=\dimen172
\cftbooknumwidth=\dimen173
\cftbeforepartskip=\skip138
\cftpartindent=\skip139
\cftpartnumwidth=\skip140
\cftbeforechapterskip=\skip141
\cftchapterindent=\skip142
\cftchapternumwidth=\skip143
\cftbeforesectionskip=\skip144
\cftsectionindent=\skip145
\cftsectionnumwidth=\skip146
\cftbeforesubsectionskip=\skip147
\cftsubsectionindent=\skip148
\cftsubsectionnumwidth=\skip149
\cftbeforesubsubsectionskip=\skip150
\cftsubsubsectionindent=\skip151
\cftsubsubsectionnumwidth=\skip152
\cftbeforeparagraphskip=\skip153
\cftparagraphindent=\skip154
\cftparagraphnumwidth=\skip155
\cftbeforesubparagraphskip=\skip156
\cftsubparagraphindent=\skip157
\cftsubparagraphnumwidth=\skip158
\prechapterprecisshift=\dimen174
\c@maxsecnumdepth=\count276
\bibindent=\dimen175
\bibitemsep=\skip159
\indexcolsep=\skip160
\indexrule=\skip161
\indexmarkstyle=\toks19
\@indexbox=\insert252
\glossarycolsep=\dimen176
\glossaryrule=\dimen177
\sideparvshift=\skip162
\sideins=\insert251
\sidebartopsep=\skip163
\sidebarhsep=\skip164
\sidebarvsep=\skip165
\sidebarwidth=\skip166
\footmarkwidth=\skip167
\footmarksep=\skip168
\footparindent=\skip169
\footinsdim=\skip170
\footinsv@r=\insert250
\@mpfootinsv@r=\insert249
\m@m@k=\count277
\m@m@h=\dimen178
\m@mipn@skip=\skip171
\sidefootins=\insert248
\sidefootadjust=\skip172
\sidefootheight=\skip173
\sidefoothsep=\skip174
\sidefootvsep=\skip175
\sidefootwidth=\skip176
\m@mdownsf=\skip177
\c@sidefootnote=\count278
\sidefootmarkwidth=\skip178
\sidefootmarksep=\skip179
\sidefootparindent=\skip180
\c@pagenote=\count279
\c@pagenoteshadow=\count280
\mem@pn@lastkern=\skip181
\every@verbatim=\toks20
\afterevery@verbatim=\toks21
\verbatim@line=\toks22
\tab@position=\count281
\verbatim@in@stream=\read2
\verbatimindent=\skip182
\verbatim@out=\write3
\bvboxsep=\skip183
\c@memfbvline=\count282
\c@bvlinectr=\count283
\bvnumlength=\skip184
\fb@frw=\dimen179
\fb@frh=\dimen180
\FrameRule=\dimen181
\FrameSep=\dimen182
\c@cp@cntr=\count284
\c@ism@mctr=\count285
\c@xsm@mctr=\count286
\c@csm@mctr=\count287
\c@ksm@mctr=\count288
\c@xksm@mctr=\count289
\c@cksm@mctr=\count290
\c@msm@mctr=\count291
\c@xmsm@mctr=\count292
\c@cmsm@mctr=\count293
\c@bsm@mctr=\count294
\c@workm@mctr=\count295
\c@sheetsequence=\count296
\c@lastsheet=\count297
\c@lastpage=\count298

(D:\Latex\MikTex\tex/latex/textcase\textcase.sty
Package: textcase 2019/09/14 v1.00 Text only upper/lower case changing (DPC)
)
\c@figure=\count299
\c@lofdepth=\count300
\cftbeforefigureskip=\skip185
\cftfigureindent=\skip186
\cftfigurenumwidth=\skip187
\c@table=\count301
\c@lotdepth=\count302
\cftbeforetableskip=\skip188
\cfttableindent=\skip189
\cfttablenumwidth=\skip190
Package abstract [2008/07/23] emulated by memoir.
Package appendix [2008/07/23] emulated by memoir.
Package booktabs [2016/05/16] emulated by memoir.
Package ccaption [2008/07/23] emulated by memoir.
Package changepage [2008/07/23] emulated by memoir.
Package chngcntr [2008/07/23] emulated by memoir.
Package chngpage [2008/07/23] emulated by memoir.
Package crop emulated by memoir.
Package enumerate [2008/07/23] emulated by memoir.
Package epigraph [2008/07/23] emulated by memoir.
Package ifmtarg [2008/07/23] emulated by memoir.
Package index [2008/07/23] emulated by memoir.
Package makeidx [2008/07/23] emulated by memoir.
Package moreverb [2008/07/23] emulated by memoir.
Package needspace [2008/07/23] emulated by memoir.
Package newfile [2008/07/23] emulated by memoir.
Package nextpage [2008/07/23] emulated by memoir.
Package pagenote [2008/07/23] emulated by memoir.
Package parskip [2008/07/23] emulated by memoir.
Package patchcmd [2008/07/23] emulated by memoir.
Package setspace [2008/07/23] emulated by memoir.
Package shortvrb [2008/07/23] emulated by memoir.
Package showidx [2008/07/23] emulated by memoir.
Package titleref [2008/07/23] emulated by memoir.
Package titling [2008/07/23] emulated by memoir.
Package tocbibind [2008/07/23] emulated by memoir.
Package tocloft [2008/07/23] emulated by memoir.
Package tocvsec2 [2008/07/23] emulated by memoir.
Package verbatim [2008/07/23] emulated by memoir.
Package verse [2008/07/23] emulated by memoir.
)
(D:\Latex\MikTex\tex/generic/babel\babel.sty
Package: babel 2021/01/26 3.53 The Babel package

(D:\Latex\MikTex\tex/generic/babel\babel.def
File: babel.def 2021/01/26 3.53 Babel common definitions
\babel@savecnt=\count303
\U@D=\dimen183
\l@babelnohyphens=\language79

(D:\Latex\MikTex\tex/generic/babel\txtbabel.def)
\bbl@readstream=\read3
)
\bbl@dirlevel=\count304

*************************************
* Local config file bblopts.cfg used
*
(D:\Latex\MikTex\tex/latex/arabi\bblopts.cfg
File: bblopts.cfg 2005/09/08 v0.1 add Arabic and Farsi to "declared" options of
 babel
)
(D:\Latex\MikTex\tex/latex/babel-spanish\spanish.ldf
Language: spanish.ldf 2016/03/03 v5.0p Spanish support from the babel system
\es@quottoks=\toks23
\es@quotdepth=\count305
Package babel Info: Making " an active character on input line 561.
Package babel Info: Making . an active character on input line 662.
Package babel Info: Making < an active character on input line 707.
Package babel Info: Making > an active character on input line 707.
))
LaTeX Info: Redefining \. on input line 5.
LaTeX Info: Redefining \% on input line 5.

(D:\Latex\MikTex\tex/latex/base\inputenc.sty
Package: inputenc 2020/08/01 v1.3d Input encoding file
\inpenc@prehook=\toks24
\inpenc@posthook=\toks25
)
(D:\Latex\MikTex\tex/latex/base\fontenc.sty
Package: fontenc 2020/08/10 v2.0s Standard LaTeX package
)
(D:\Latex\MikTex\tex/latex/lm\lmodern.sty
Package: lmodern 2009/10/30 v1.6 Latin Modern Fonts
LaTeX Font Info:    Overwriting symbol font `operators' in version `normal'
(Font)                  OT1/cmr/m/n --> OT1/lmr/m/n on input line 22.
LaTeX Font Info:    Overwriting symbol font `letters' in version `normal'
(Font)                  OML/cmm/m/it --> OML/lmm/m/it on input line 23.
LaTeX Font Info:    Overwriting symbol font `symbols' in version `normal'
(Font)                  OMS/cmsy/m/n --> OMS/lmsy/m/n on input line 24.
LaTeX Font Info:    Overwriting symbol font `largesymbols' in version `normal'
(Font)                  OMX/cmex/m/n --> OMX/lmex/m/n on input line 25.
LaTeX Font Info:    Overwriting symbol font `operators' in version `bold'
(Font)                  OT1/cmr/bx/n --> OT1/lmr/bx/n on input line 26.
LaTeX Font Info:    Overwriting symbol font `letters' in version `bold'
(Font)                  OML/cmm/b/it --> OML/lmm/b/it on input line 27.
LaTeX Font Info:    Overwriting symbol font `symbols' in version `bold'
(Font)                  OMS/cmsy/b/n --> OMS/lmsy/b/n on input line 28.
LaTeX Font Info:    Overwriting symbol font `largesymbols' in version `bold'
(Font)                  OMX/cmex/m/n --> OMX/lmex/m/n on input line 29.
LaTeX Font Info:    Overwriting math alphabet `\mathbf' in version `normal'
(Font)                  OT1/cmr/bx/n --> OT1/lmr/bx/n on input line 31.
LaTeX Font Info:    Overwriting math alphabet `\mathsf' in version `normal'
(Font)                  OT1/cmss/m/n --> OT1/lmss/m/n on input line 32.
LaTeX Font Info:    Overwriting math alphabet `\mathit' in version `normal'
(Font)                  OT1/cmr/m/it --> OT1/lmr/m/it on input line 33.
LaTeX Font Info:    Overwriting math alphabet `\mathtt' in version `normal'
(Font)                  OT1/cmtt/m/n --> OT1/lmtt/m/n on input line 34.
LaTeX Font Info:    Overwriting math alphabet `\mathbf' in version `bold'
(Font)                  OT1/cmr/bx/n --> OT1/lmr/bx/n on input line 35.
LaTeX Font Info:    Overwriting math alphabet `\mathsf' in version `bold'
(Font)                  OT1/cmss/bx/n --> OT1/lmss/bx/n on input line 36.
LaTeX Font Info:    Overwriting math alphabet `\mathit' in version `bold'
(Font)                  OT1/cmr/bx/it --> OT1/lmr/bx/it on input line 37.
LaTeX Font Info:    Overwriting math alphabet `\mathtt' in version `bold'
(Font)                  OT1/cmtt/m/n --> OT1/lmtt/m/n on input line 38.
)
(D:\Latex\MikTex\tex/latex/microtype\microtype.sty
Package: microtype 2021/03/14 v2.8c Micro-typographical refinements (RS)

(D:\Latex\MikTex\tex/latex/graphics\keyval.sty
Package: keyval 2014/10/28 v1.15 key=value parser (DPC)
\KV@toks@=\toks26
)
\MT@toks=\toks27
\MT@count=\count306
LaTeX Info: Redefining \textls on input line 790.
\MT@outer@kern=\dimen184
LaTeX Info: Redefining \textmicrotypecontext on input line 1374.
\MT@listname@count=\count307

(D:\Latex\MikTex\tex/latex/microtype\microtype-pdftex.def
File: microtype-pdftex.def 2021/03/14 v2.8c Definitions specific to pdftex (RS)

LaTeX Info: Redefining \lsstyle on input line 915.
LaTeX Info: Redefining \lslig on input line 915.
\MT@outer@space=\skip191
)
Package microtype Info: Loading configuration file microtype.cfg.

(D:\Latex\MikTex\tex/latex/microtype\microtype.cfg
File: microtype.cfg 2021/03/14 v2.8c microtype main configuration file (RS)
))
(D:\Latex\MikTex\tex/latex/placeins\placeins.sty
Package: placeins 2005/04/18  v 2.2
)
(D:\Latex\MikTex\tex/latex/xcolor\xcolor.sty
Package: xcolor 2016/05/11 v2.12 LaTeX color extensions (UK)

(D:\Latex\MikTex\tex/latex/graphics-cfg\color.cfg
File: color.cfg 2016/01/02 v1.6 sample color configuration
)
Package xcolor Info: Driver file: pdftex.def on input line 225.

(D:\Latex\MikTex\tex/latex/graphics-def\pdftex.def
File: pdftex.def 2020/10/05 v1.2a Graphics/color driver for pdftex
)
(D:\Latex\MikTex\tex/latex/colortbl\colortbl.sty
Package: colortbl 2020/01/04 v1.0e Color table columns (DPC)
\everycr=\toks28
\minrowclearance=\skip192
)
\rownum=\count308
Package xcolor Info: Model `cmy' substituted by `cmy0' on input line 1348.
Package xcolor Info: Model `hsb' substituted by `rgb' on input line 1352.
Package xcolor Info: Model `RGB' extended on input line 1364.
Package xcolor Info: Model `HTML' substituted by `rgb' on input line 1366.
Package xcolor Info: Model `Hsb' substituted by `hsb' on input line 1367.
Package xcolor Info: Model `tHsb' substituted by `hsb' on input line 1368.
Package xcolor Info: Model `HSB' substituted by `hsb' on input line 1369.
Package xcolor Info: Model `Gray' substituted by `gray' on input line 1370.
Package xcolor Info: Model `wave' substituted by `hsb' on input line 1371.
)
(D:\Latex\MikTex\tex/latex/xtab\xtab.sty
Package: xtab 2011/07/31 v2.3f Extended supertabular package
\c@tracingst=\count309
\PWSTcapht=\dimen185
\ST@wd=\dimen186
\ST@rightskip=\skip193
\ST@leftskip=\skip194
\ST@parfillskip=\skip195
\c@PWSTtable=\count310
\PWSTlastpage=\count311
\PWSTpenultimate=\count312
\PWSTcurpage=\count313
\PWSTtempc=\count314
\PWSTlines=\count315
\PWST@lastht=\dimen187
\PWST@generalht=\dimen188
\PWST@ht=\dimen189
\ST@pageleft=\dimen190
\ST@headht=\dimen191
\ST@tailht=\dimen192
\ST@pagesofar=\dimen193
\ST@pboxht=\dimen194
\ST@lineht=\dimen195
\ST@stretchht=\dimen196
\ST@prevht=\dimen197
\ST@toadd=\dimen198
\ST@dimen=\dimen199
\ST@pbox=\box52
)
(D:\Latex\MikTex\tex/latex/multirow\multirow.sty
Package: multirow 2021/03/15 v2.8 Span multiple rows of a table
\multirow@colwidth=\skip196
\multirow@cntb=\count316
\multirow@dima=\skip197
\bigstrutjot=\dimen256
)
(D:\Latex\MikTex\tex/latex/latex-tools\longtable.sty
Package: longtable 2020/01/07 v4.13 Multi-page Table package (DPC)
\LTleft=\skip198
\LTright=\skip199
\LTpre=\skip256
\LTpost=\skip257
\LTchunksize=\count317
\LTcapwidth=\dimen257
\LT@head=\box53
\LT@firsthead=\box54
\LT@foot=\box55
\LT@lastfoot=\box56
\LT@cols=\count318
\LT@rows=\count319
\c@LT@tables=\count320
\c@LT@chunks=\count321
\LT@p@ftn=\toks29
)
(D:\Latex\MikTex\tex/latex/graphics\graphicx.sty
Package: graphicx 2020/09/09 v1.2b Enhanced LaTeX Graphics (DPC,SPQR)

(D:\Latex\MikTex\tex/latex/graphics\graphics.sty
Package: graphics 2020/08/30 v1.4c Standard LaTeX Graphics (DPC,SPQR)

(D:\Latex\MikTex\tex/latex/graphics\trig.sty
Package: trig 2016/01/03 v1.10 sin cos tan (DPC)
)
(D:\Latex\MikTex\tex/latex/graphics-cfg\graphics.cfg
File: graphics.cfg 2016/06/04 v1.11 sample graphics configuration
)
Package graphics Info: Driver file: pdftex.def on input line 105.
)
\Gin@req@height=\dimen258
\Gin@req@width=\dimen259
)
(D:\Latex\MikTex\tex/latex/hyperref\hyperref.sty
Package: hyperref 2021-02-10 v7.00j Hypertext links for LaTeX

(D:\Latex\MikTex\tex/generic/ltxcmds\ltxcmds.sty
Package: ltxcmds 2020-05-10 v1.25 LaTeX kernel commands for general use (HO)
)
(D:\Latex\MikTex\tex/generic/pdftexcmds\pdftexcmds.sty
Package: pdftexcmds 2020-06-27 v0.33 Utility functions of pdfTeX for LuaTeX (HO
)

(D:\Latex\MikTex\tex/generic/infwarerr\infwarerr.sty
Package: infwarerr 2019/12/03 v1.5 Providing info/warning/error messages (HO)
)
Package pdftexcmds Info: \pdf@primitive is available.
Package pdftexcmds Info: \pdf@ifprimitive is available.
Package pdftexcmds Info: \pdfdraftmode found.
)
(D:\Latex\MikTex\tex/generic/kvsetkeys\kvsetkeys.sty
Package: kvsetkeys 2019/12/15 v1.18 Key value parser (HO)
)
(D:\Latex\MikTex\tex/generic/kvdefinekeys\kvdefinekeys.sty
Package: kvdefinekeys 2019-12-19 v1.6 Define keys (HO)
)
(D:\Latex\MikTex\tex/generic/pdfescape\pdfescape.sty
Package: pdfescape 2019/12/09 v1.15 Implements pdfTeX's escape features (HO)
)
(D:\Latex\MikTex\tex/latex/hycolor\hycolor.sty
Package: hycolor 2020-01-27 v1.10 Color options for hyperref/bookmark (HO)
)
(D:\Latex\MikTex\tex/latex/letltxmacro\letltxmacro.sty
Package: letltxmacro 2019/12/03 v1.6 Let assignment for LaTeX macros (HO)
)
(D:\Latex\MikTex\tex/latex/auxhook\auxhook.sty
Package: auxhook 2019-12-17 v1.6 Hooks for auxiliary files (HO)
)
(D:\Latex\MikTex\tex/latex/kvoptions\kvoptions.sty
Package: kvoptions 2020-10-07 v3.14 Key value format for package options (HO)
)
\@linkdim=\dimen260
\Hy@linkcounter=\count322
\Hy@pagecounter=\count323

(D:\Latex\MikTex\tex/latex/hyperref\pd1enc.def
File: pd1enc.def 2021-02-10 v7.00j Hyperref: PDFDocEncoding definition (HO)
Now handling font encoding PD1 ...
... no UTF-8 mapping file for font encoding PD1
)
(D:\Latex\MikTex\tex/latex/hyperref\hyperref-langpatches.def
File: hyperref-langpatches.def 2021-02-10 v7.00j Hyperref: patches for babel la
nguages
)
(D:\Latex\MikTex\tex/generic/intcalc\intcalc.sty
Package: intcalc 2019/12/15 v1.3 Expandable calculations with integers (HO)
)
(D:\Latex\MikTex\tex/generic/etexcmds\etexcmds.sty
Package: etexcmds 2019/12/15 v1.7 Avoid name clashes with e-TeX commands (HO)
)
\Hy@SavedSpaceFactor=\count324

(D:\Latex\MikTex\tex/latex/hyperref\puenc.def
File: puenc.def 2021-02-10 v7.00j Hyperref: PDF Unicode definition (HO)
Now handling font encoding PU ...
... no UTF-8 mapping file for font encoding PU
)
Package hyperref Info: Option `colorlinks' set `true' on input line 4073.
Package hyperref Info: Hyper figures OFF on input line 4192.
Package hyperref Info: Link nesting OFF on input line 4197.
Package hyperref Info: Hyper index ON on input line 4200.
Package hyperref Info: Plain pages OFF on input line 4207.
Package hyperref Info: Backreferencing OFF on input line 4212.
Package hyperref Info: Implicit mode ON; LaTeX internals redefined.
Package hyperref Info: Bookmarks ON on input line 4445.
\c@Hy@tempcnt=\count325

(D:\Latex\MikTex\tex/latex/url\url.sty
\Urlmuskip=\muskip16
Package: url 2013/09/16  ver 3.4  Verb mode for urls, etc.
)
LaTeX Info: Redefining \url on input line 4804.
\XeTeXLinkMargin=\dimen261

(D:\Latex\MikTex\tex/generic/bitset\bitset.sty
Package: bitset 2019/12/09 v1.3 Handle bit-vector datatype (HO)

(D:\Latex\MikTex\tex/generic/bigintcalc\bigintcalc.sty
Package: bigintcalc 2019/12/15 v1.5 Expandable calculations on big integers (HO
)
))
\Fld@menulength=\count326
\Field@Width=\dimen262
\Fld@charsize=\dimen263
Package hyperref Info: Hyper figures OFF on input line 6075.
Package hyperref Info: Link nesting OFF on input line 6080.
Package hyperref Info: Hyper index ON on input line 6083.
Package hyperref Info: backreferencing OFF on input line 6090.
Package hyperref Info: Link coloring ON on input line 6093.
Package hyperref Info: Link coloring with OCG OFF on input line 6100.
Package hyperref Info: PDF/A mode OFF on input line 6105.
LaTeX Info: Redefining \ref on input line 6145.
LaTeX Info: Redefining \pageref on input line 6149.

(D:\Latex\MikTex\tex/latex/base\atbegshi-ltx.sty
Package: atbegshi-ltx 2020/08/17 v1.0a Emulation of the original atbegshi packa
ge
with kernel methods
)
\Hy@abspage=\count327
\c@Item=\count328
\c@Hfootnote=\count329
)
(D:\Latex\MikTex\tex/latex/memoir\memhfixc.sty
Package: memhfixc 2019/10/24 v1.18 nameref/hyperref package fixes for memoir cl
ass
\c@memhycontfloat=\count330
\c@Hpagenote=\count331
)
Package hyperref Info: Driver (autodetected): hpdftex.

(D:\Latex\MikTex\tex/latex/hyperref\hpdftex.def
File: hpdftex.def 2021-02-10 v7.00j Hyperref driver for pdfTeX

(D:\Latex\MikTex\tex/latex/base\atveryend-ltx.sty
Package: atveryend-ltx 2020/08/19 v1.0a Emulation of the original atvery packag
e
with kernel methods
)
\Fld@listcount=\count332
\c@bookmark@seq@number=\count333

(D:\Latex\MikTex\tex/latex/rerunfilecheck\rerunfilecheck.sty
Package: rerunfilecheck 2019/12/05 v1.9 Rerun checks for auxiliary files (HO)

(D:\Latex\MikTex\tex/generic/uniquecounter\uniquecounter.sty
Package: uniquecounter 2019/12/15 v1.4 Provide unlimited unique counter (HO)
)
Package uniquecounter Info: New unique counter `rerunfilecheck' on input line 2
86.
)
\Hy@SectionHShift=\skip258
)
(D:\Latex\MikTex\tex/latex/amsmath\amsmath.sty
Package: amsmath 2020/09/23 v2.17i AMS math features
\@mathmargin=\skip259

For additional information on amsmath, use the `?' option.
(D:\Latex\MikTex\tex/latex/amsmath\amstext.sty
Package: amstext 2000/06/29 v2.01 AMS text

(D:\Latex\MikTex\tex/latex/amsmath\amsgen.sty
File: amsgen.sty 1999/11/30 v2.0 generic functions
\@emptytoks=\toks30
\ex@=\dimen264
))
(D:\Latex\MikTex\tex/latex/amsmath\amsbsy.sty
Package: amsbsy 1999/11/29 v1.2d Bold Symbols
\pmbraise@=\dimen265
)
(D:\Latex\MikTex\tex/latex/amsmath\amsopn.sty
Package: amsopn 2016/03/08 v2.02 operator names
)
\inf@bad=\count334
LaTeX Info: Redefining \frac on input line 234.
\uproot@=\count335
\leftroot@=\count336
LaTeX Info: Redefining \overline on input line 399.
\classnum@=\count337
\DOTSCASE@=\count338
LaTeX Info: Redefining \ldots on input line 496.
LaTeX Info: Redefining \dots on input line 499.
LaTeX Info: Redefining \cdots on input line 620.
\Mathstrutbox@=\box57
\strutbox@=\box58
\big@size=\dimen266
LaTeX Font Info:    Redeclaring font encoding OML on input line 743.
LaTeX Font Info:    Redeclaring font encoding OMS on input line 744.
\macc@depth=\count339
\c@MaxMatrixCols=\count340
\dotsspace@=\muskip17
\c@parentequation=\count341
\dspbrk@lvl=\count342
\tag@help=\toks31
\row@=\count343
\column@=\count344
\maxfields@=\count345
\andhelp@=\toks32
\eqnshift@=\dimen267
\alignsep@=\dimen268
\tagshift@=\dimen269
\tagwidth@=\dimen270
\totwidth@=\dimen271
\lineht@=\dimen272
\@envbody=\toks33
\multlinegap=\skip260
\multlinetaggap=\skip261
\mathdisplay@stack=\toks34
LaTeX Info: Redefining \[ on input line 2923.
LaTeX Info: Redefining \] on input line 2924.
)
(D:\Latex\MikTex\tex/latex/float\float.sty
Package: float 2001/11/08 v1.3d Float enhancements (AL)
\c@float@type=\count346
\float@exts=\toks35
\float@box=\box59
\@float@everytoks=\toks36
\@floatcapt=\box60
)
LaTeX Font Info:    Trying to load font information for T1+lmr on input line 36
6.

(D:\Latex\MikTex\tex/latex/lm\t1lmr.fd
File: t1lmr.fd 2009/10/30 v1.6 Font defs for Latin Modern
)
(D:\Latex\MikTex\tex/latex/l3backend\l3backend-pdftex.def
File: l3backend-pdftex.def 2021-02-18 L3 backend support: PDF output (pdfTeX)
\l__color_backend_stack_int=\count347
\l__pdf_internal_box=\box61
) (anexos.aux
LaTeX Info: Redefining \. on input line 26.
LaTeX Info: Redefining \% on input line 26.
LaTeX Info: Redefining \. on input line 27.
LaTeX Info: Redefining \% on input line 27.

(tex/A_Plan_proyecto.aux) (tex/B_Requisitos.aux) (tex/C_Diseno.aux)
(tex/D_Manual_programador.aux) (tex/E_Manual_usuario.aux)
(tex/F_Documento_de_diseno.aux))
\openout1 = `anexos.aux'.

LaTeX Font Info:    Checking defaults for OML/cmm/m/it on input line 366.
LaTeX Font Info:    ... okay on input line 366.
LaTeX Font Info:    Checking defaults for OMS/cmsy/m/n on input line 366.
LaTeX Font Info:    ... okay on input line 366.
LaTeX Font Info:    Checking defaults for OT1/cmr/m/n on input line 366.
LaTeX Font Info:    ... okay on input line 366.
LaTeX Font Info:    Checking defaults for T1/cmr/m/n on input line 366.
LaTeX Font Info:    ... okay on input line 366.
LaTeX Font Info:    Checking defaults for TS1/cmr/m/n on input line 366.
LaTeX Font Info:    ... okay on input line 366.
LaTeX Font Info:    Checking defaults for OMX/cmex/m/n on input line 366.
LaTeX Font Info:    ... okay on input line 366.
LaTeX Font Info:    Checking defaults for U/cmr/m/n on input line 366.
LaTeX Font Info:    ... okay on input line 366.
LaTeX Font Info:    Checking defaults for PD1/pdf/m/n on input line 366.
LaTeX Font Info:    ... okay on input line 366.
LaTeX Font Info:    Checking defaults for PU/pdf/m/n on input line 366.
LaTeX Font Info:    ... okay on input line 366.
LaTeX Info: Redefining \. on input line 366.
LaTeX Info: Redefining \% on input line 366.
LaTeX Info: Redefining \microtypecontext on input line 366.
Package microtype Info: Generating PDF output.
Package microtype Info: Character protrusion enabled (level 2).
Package microtype Info: Using default protrusion set `alltext'.
Package microtype Info: Automatic font expansion enabled (level 2),
(microtype)             stretch: 20, shrink: 20, step: 1, non-selected.
Package microtype Info: Using default expansion set `alltext-nott'.
LaTeX Info: Redefining \showhyphens on input line 366.
Package microtype Info: No adjustment of tracking.
Package microtype Info: No adjustment of interword spacing.
Package microtype Info: No adjustment of character kerning.

(D:\Latex\MikTex\tex/latex/microtype\mt-cmr.cfg
File: mt-cmr.cfg 2013/05/19 v2.2 microtype config. file: Computer Modern Roman 
(RS)
)
(D:\Latex\MikTex\tex/context/base/mkii\supp-pdf.mkii
[Loading MPS to PDF converter (version 2006.09.02).]
\scratchcounter=\count348
\scratchdimen=\dimen273
\scratchbox=\box62
\nofMPsegments=\count349
\nofMParguments=\count350
\everyMPshowfont=\toks37
\MPscratchCnt=\count351
\MPscratchDim=\dimen274
\MPnumerator=\count352
\makeMPintoPDFobject=\count353
\everyMPtoPDFconversion=\toks38
) (D:\Latex\MikTex\tex/latex/epstopdf-pkg\epstopdf-base.sty
Package: epstopdf-base 2020-01-24 v2.11 Base part for package epstopdf
Package epstopdf-base Info: Redefining graphics rule for `.eps' on input line 4
85.
)
Package hyperref Info: Link coloring ON on input line 366.

(D:\Latex\MikTex\tex/latex/hyperref\nameref.sty
Package: nameref 2021-04-02 v2.47 Cross-referencing by name of section

(D:\Latex\MikTex\tex/latex/refcount\refcount.sty
Package: refcount 2019/12/15 v3.6 Data extraction from label references (HO)
)
(D:\Latex\MikTex\tex/generic/gettitlestring\gettitlestring.sty
Package: gettitlestring 2019/12/15 v1.6 Cleanup title references (HO)
)
\c@section@level=\count354
)
Redoing nameref's sectioning
Redoing nameref's label
LaTeX Info: Redefining \nameref on input line 366.
LaTeX Info: Redefining \ref on input line 366.
LaTeX Info: Redefining \pageref on input line 366.
LaTeX Info: Redefining \nameref on input line 366.
(anexos.out) (anexos.out)
\@outlinefile=\write4
\openout4 = `anexos.out'.

<./img//cabecera.pdf, id=147, 617.67549pt x 135.51413pt>
File: ./img//cabecera.pdf Graphic file (type pdf)
<use ./img//cabecera.pdf>
Package pdftex.def Info: ./img//cabecera.pdf  used on input line 368.
(pdftex.def)             Requested size: 383.0pt x 84.02823pt.
LaTeX Font Info:    Trying to load font information for OT1+lmr on input line 3
68.
 (D:\Latex\MikTex\tex/latex/lm\ot1lmr.fd
File: ot1lmr.fd 2009/10/30 v1.6 Font defs for Latin Modern
)
LaTeX Font Info:    Trying to load font information for OML+lmm on input line 3
68.

(D:\Latex\MikTex\tex/latex/lm\omllmm.fd
File: omllmm.fd 2009/10/30 v1.6 Font defs for Latin Modern
)
LaTeX Font Info:    Trying to load font information for OMS+lmsy on input line 
368.

(D:\Latex\MikTex\tex/latex/lm\omslmsy.fd
File: omslmsy.fd 2009/10/30 v1.6 Font defs for Latin Modern
)
LaTeX Font Info:    Trying to load font information for OMX+lmex on input line 
368.

(D:\Latex\MikTex\tex/latex/lm\omxlmex.fd
File: omxlmex.fd 2009/10/30 v1.6 Font defs for Latin Modern
)
LaTeX Font Info:    External font `lmex10' loaded for size
(Font)              <12> on input line 368.
LaTeX Font Info:    External font `lmex10' loaded for size
(Font)              <8> on input line 368.
LaTeX Font Info:    External font `lmex10' loaded for size
(Font)              <6> on input line 368.
<./img//escudoInfor.pdf, id=148, 618.11432pt x 737.07487pt>
File: ./img//escudoInfor.pdf Graphic file (type pdf)
<use ./img//escudoInfor.pdf>
Package pdftex.def Info: ./img//escudoInfor.pdf  used on input line 368.
(pdftex.def)             Requested size: 76.59883pt x 91.3356pt.

Overfull \hbox (27.54143pt too wide) in paragraph at lines 368--368
[][][][][][][] $[]$ 
 []

[1

{C:/Users/marco/AppData/Local/MiKTeX/pdftex/config/pdftex.map} <./img//cabecera
.pdf> <./img//escudoInfor.pdf

pdfTeX warning: pdflatex (file ./img//escudoInfor.pdf): PDF inclusion: multiple
 pdfs with page group included in a single page
>] [2

]
LaTeX Font Info:    Trying to load font information for T1+lmss on input line 3
87.
 (D:\Latex\MikTex\tex/latex/lm\t1lmss.fd
File: t1lmss.fd 2009/10/30 v1.6 Font defs for Latin Modern
)
Package microtype Info: Loading generic protrusion settings for font family
(microtype)             `lmss' (encoding: T1).
(microtype)             For optimal results, create family-specific settings.
(microtype)             See the microtype manual for details.
 (anexos.toc
LaTeX Info: Redefining \. on input line 1.
LaTeX Info: Redefining \% on input line 1.
LaTeX Info: Redefining \. on input line 2.
LaTeX Info: Redefining \% on input line 2.


LaTeX Font Warning: Font shape `T1/lmr/bx/sc' undefined
(Font)              using `T1/lmr/bx/n' instead on input line 3.

Package microtype Info: Character `029' is missing
(microtype)             in font `T1/lmr/m/sc/12'.
(microtype)             Ignoring protrusion settings for this character.
[1



])
LaTeX Info: Redefining \. on input line 388.
LaTeX Info: Redefining \% on input line 388.


Class memoir Warning: The material used in the headers is too large
(15.35403pt) for the given head height (14.5pt), it is recommended to
either increase the head height or redesign the header
(in both cases you will find help in the memoir manual). on input line 388.


Overfull \vbox (0.85403pt too high) has occurred while \output is active []


[2] (anexos.lof
LaTeX Info: Redefining \. on input line 1.
LaTeX Info: Redefining \% on input line 1.
LaTeX Info: Redefining \. on input line 2.
LaTeX Info: Redefining \% on input line 2.
 [3

])
LaTeX Info: Redefining \. on input line 392.
LaTeX Info: Redefining \% on input line 392.

Overfull \vbox (0.85403pt too high) has occurred while \output is active []


[4] (anexos.lot
LaTeX Info: Redefining \. on input line 1.
LaTeX Info: Redefining \% on input line 1.
LaTeX Info: Redefining \. on input line 2.
LaTeX Info: Redefining \% on input line 2.
) [5

] [6


]
\openout2 = `./tex/A_Plan_proyecto.aux'.

 (tex/A_Plan_proyecto.tex
LaTeX Font Info:    Font shape `T1/lmss/m/it' in size <17.28> not available
(Font)              Font shape `T1/lmss/m/sl' tried instead on input line 1.
pdfTeX warning (ext4): destination with the same identifier (name{page.1}) has 
been already used, duplicate ignored
<to be read again> 
                   \relax 
l.18 \end{itemize}
                   [1


]
LaTeX Font Info:    Trying to load font information for T1+lmtt on input line 3
3.
 (D:\Latex\MikTex\tex/latex/lm\t1lmtt.fd
File: t1lmtt.fd 2009/10/30 v1.6 Font defs for Latin Modern
)
Package microtype Info: Loading generic protrusion settings for font family
(microtype)             `lmtt' (encoding: T1).
(microtype)             For optimal results, create family-specific settings.
(microtype)             See the microtype manual for details.
LaTeX Info: Redefining \. on input line 35.
LaTeX Info: Redefining \% on input line 35.
pdfTeX warning (ext4): destination with the same identifier (name{page.2}) has 
been already used, duplicate ignored
<to be read again> 
                   \relax 
l.35 \clearpage
                [2]
<./img//Anexos/Anexo_A/Tablero_Kanban.png, id=664, 1422.81563pt x 508.14844pt>
File: ./img//Anexos/Anexo_A/Tablero_Kanban.png Graphic file (type png)
<use ./img//Anexos/Anexo_A/Tablero_Kanban.png>
Package pdftex.def Info: ./img//Anexos/Anexo_A/Tablero_Kanban.png  used on inpu
t line 38.
(pdftex.def)             Requested size: 426.84798pt x 152.4457pt.

Overfull \hbox (43.84798pt too wide) in paragraph at lines 38--39
 [][] 
 []

LaTeX Font Info:    Trying to load font information for TS1+lmr on input line 5
3.
(D:\Latex\MikTex\tex/latex/lm\ts1lmr.fd
File: ts1lmr.fd 2009/10/30 v1.6 Font defs for Latin Modern
)
LaTeX Info: Redefining \. on input line 54.
LaTeX Info: Redefining \% on input line 54.
 [3

pdfTeX warning (ext4): destination with the same identifier (name{figure.Alph1.
1}) has been already used, duplicate ignored
<argument> ...shipout:D \box_use:N \l_shipout_box 
                                                  
l.54 
      <./img//Anexos/Anexo_A/Tablero_Kanban.png>]
<./img//Anexos/Anexo_A/Sueldo_trabajador.png, id=673, 679.94025pt x 51.7935pt>
File: ./img//Anexos/Anexo_A/Sueldo_trabajador.png Graphic file (type png)
<use ./img//Anexos/Anexo_A/Sueldo_trabajador.png>
Package pdftex.def Info: ./img//Anexos/Anexo_A/Sueldo_trabajador.png  used on i
nput line 57.
(pdftex.def)             Requested size: 407.96729pt x 31.07632pt.

Overfull \hbox (24.96729pt too wide) in paragraph at lines 57--58
 [][] 
 []

<./img//Anexos/Anexo_A/Activos.png, id=675, 186.6975pt x 181.27725pt>
File: ./img//Anexos/Anexo_A/Activos.png Graphic file (type png)
<use ./img//Anexos/Anexo_A/Activos.png>
Package pdftex.def Info: ./img//Anexos/Anexo_A/Activos.png  used on input line 
68.
(pdftex.def)             Requested size: 186.69704pt x 181.27681pt.
LaTeX Info: Redefining \. on input line 75.
LaTeX Info: Redefining \% on input line 75.
[4pdfTeX warning (ext4): destination with the same identifier (name{figure.Alph
1.2}) has been already used, duplicate ignored
<argument> ...shipout:D \box_use:N \l_shipout_box 
                                                  
l.75 \subsubsection
                   {Balance}pdfTeX warning (ext4): destination with the same id
entifier (name{figure.Alph1.3}) has been already used, duplicate ignored
<argument> ...shipout:D \box_use:N \l_shipout_box 
                                                  
l.75 \subsubsection
                   {Balance} <./img//Anexos/Anexo_A/Sueldo_trabajador.png> <./i
mg//Anexos/Anexo_A/Activos.png>]
<./img//Anexos/Anexo_A/Balance_actual.png, id=688, 717.27975pt x 250.536pt>
File: ./img//Anexos/Anexo_A/Balance_actual.png Graphic file (type png)
<use ./img//Anexos/Anexo_A/Balance_actual.png>
Package pdftex.def Info: ./img//Anexos/Anexo_A/Balance_actual.png  used on inpu
t line 81.
(pdftex.def)             Requested size: 358.63899pt x 125.26768pt.
<./img//Anexos/Anexo_A/Balance_2meses.png, id=689, 716.07526pt x 248.72925pt>
File: ./img//Anexos/Anexo_A/Balance_2meses.png Graphic file (type png)
<use ./img//Anexos/Anexo_A/Balance_2meses.png>
Package pdftex.def Info: ./img//Anexos/Anexo_A/Balance_2meses.png  used on inpu
t line 87.
(pdftex.def)             Requested size: 358.03674pt x 124.36432pt.
LaTeX Info: Redefining \. on input line 91.
LaTeX Info: Redefining \% on input line 91.
 [5pdfTeX warning (ext4): destination with the same identifier (name{figure.Alp
h1.4}) has been already used, duplicate ignored
<argument> ...shipout:D \box_use:N \l_shipout_box 
                                                  
l.91 \clearpage
               pdfTeX warning (ext4): destination with the same identifier (nam
e{figure.Alph1.5}) has been already used, duplicate ignored
<argument> ...shipout:D \box_use:N \l_shipout_box 
                                                  
l.91 \clearpage
                <./img//Anexos/Anexo_A/Balance_actual.png> <./img//Anexos/Anexo
_A/Balance_2meses.png>]
<./img//Anexos/Anexo_A/Balance_4meses.png, id=698, 718.48425pt x 249.3315pt>
File: ./img//Anexos/Anexo_A/Balance_4meses.png Graphic file (type png)
<use ./img//Anexos/Anexo_A/Balance_4meses.png>
Package pdftex.def Info: ./img//Anexos/Anexo_A/Balance_4meses.png  used on inpu
t line 94.
(pdftex.def)             Requested size: 359.24124pt x 124.66544pt.

Overfull \hbox (23.44551pt too wide) in paragraph at lines 106--108
[]\T1/lmr/m/n/12 (-20) Attribution 4.0 In-ter-na-tio-nal ([][]$\T1/lmtt/m/n/12 
https : / / creativecommons . org / licenses /
 []


Overfull \hbox (6.18556pt too wide) in paragraph at lines 108--110
[]\T1/lmr/m/n/12 (-20) Attribution 3.0 Un-por-ted ([][]$\T1/lmtt/m/n/12 https :
 / / creativecommons . org / licenses /
 []

)
LaTeX Info: Redefining \. on input line 402.
LaTeX Info: Redefining \% on input line 402.
 [6

pdfTeX warning (ext4): destination with the same identifier (name{figure.Alph1.
6}) has been already used, duplicate ignored
<argument> ...shipout:D \box_use:N \l_shipout_box 
                                                  
l.402 \include{./tex/A_Plan_proyecto}
                                      <./img//Anexos/Anexo_A/Balance_4meses.png
>]
\openout2 = `./tex/B_Requisitos.aux'.

 (tex/B_Requisitos.tex [7




]
LaTeX Info: Redefining \. on input line 93.
LaTeX Info: Redefining \% on input line 93.
 [8]
LaTeX Info: Redefining \. on input line 136.
LaTeX Info: Redefining \% on input line 136.
 [9]
<./img//Anexos/Anexo_B/casos_de_uso.png, id=731, 1684.2925pt x 1212.53pt>
File: ./img//Anexos/Anexo_B/casos_de_uso.png Graphic file (type png)
<use ./img//Anexos/Anexo_B/casos_de_uso.png>
Package pdftex.def Info: ./img//Anexos/Anexo_B/casos_de_uso.png  used on input 
line 143.
(pdftex.def)             Requested size: 421.0721pt x 303.13176pt.

Overfull \hbox (38.0721pt too wide) in paragraph at lines 143--144
 [][] 
 []


Underfull \hbox (badness 3250) in paragraph at lines 173--174
[]\T1/lmr/bx/sc/12 (+20) Requisitos fun-
 []

LaTeX Info: Redefining \. on input line 241.
LaTeX Info: Redefining \% on input line 241.
[10pdfTeX warning (ext4): destination with the same identifier (name{figure.Alp
h2.1}) has been already used, duplicate ignored
<argument> ...shipout:D \box_use:N \l_shipout_box 
                                                  
l.241 \end{longtable}
                      <./img//Anexos/Anexo_B/casos_de_uso.png>]
Underfull \hbox (badness 3250) in paragraph at lines 265--266
[]\T1/lmr/bx/sc/12 (+20) Requisitos fun-
 []


Underfull \hbox (badness 3250) in paragraph at lines 357--358
[]\T1/lmr/bx/sc/12 (+20) Requisitos fun-
 []

LaTeX Info: Redefining \. on input line 432.
LaTeX Info: Redefining \% on input line 432.
[11]
Underfull \hbox (badness 3250) in paragraph at lines 456--457
[]\T1/lmr/bx/sc/12 (+20) Requisitos fun-
 []

LaTeX Info: Redefining \. on input line 526.
LaTeX Info: Redefining \% on input line 526.
[12]
Underfull \hbox (badness 3250) in paragraph at lines 550--551
[]\T1/lmr/bx/sc/12 (+20) Requisitos fun-
 []


Underfull \hbox (badness 3250) in paragraph at lines 646--647
[]\T1/lmr/bx/sc/12 (+20) Requisitos fun-
 []

LaTeX Info: Redefining \. on input line 716.
LaTeX Info: Redefining \% on input line 716.
[13]
Underfull \hbox (badness 3250) in paragraph at lines 740--741
[]\T1/lmr/bx/sc/12 (+20) Requisitos fun-
 []

LaTeX Info: Redefining \. on input line 818.
LaTeX Info: Redefining \% on input line 818.
[14]
Underfull \hbox (badness 3250) in paragraph at lines 842--843
[]\T1/lmr/bx/sc/12 (+20) Requisitos fun-
 []

LaTeX Info: Redefining \. on input line 920.
LaTeX Info: Redefining \% on input line 920.
[15]
Underfull \hbox (badness 3250) in paragraph at lines 944--945
[]\T1/lmr/bx/sc/12 (+20) Requisitos fun-
 []

LaTeX Info: Redefining \. on input line 1012.
LaTeX Info: Redefining \% on input line 1012.
[16]
Underfull \hbox (badness 3250) in paragraph at lines 1035--1036
[]\T1/lmr/bx/sc/12 (+20) Requisitos fun-
 []


Underfull \hbox (badness 3250) in paragraph at lines 1130--1131
[]\T1/lmr/bx/sc/12 (+20) Requisitos fun-
 []

LaTeX Info: Redefining \. on input line 1200.
LaTeX Info: Redefining \% on input line 1200.
[17]
Underfull \hbox (badness 3250) in paragraph at lines 1223--1224
[]\T1/lmr/bx/sc/12 (+20) Requisitos fun-
 []

LaTeX Info: Redefining \. on input line 1289.
LaTeX Info: Redefining \% on input line 1289.
[18]
Underfull \hbox (badness 3250) in paragraph at lines 1312--1313
[]\T1/lmr/bx/sc/12 (+20) Requisitos fun-
 []


Underfull \hbox (badness 3250) in paragraph at lines 1403--1404
[]\T1/lmr/bx/sc/12 (+20) Requisitos fun-
 []

LaTeX Info: Redefining \. on input line 1469.
LaTeX Info: Redefining \% on input line 1469.
[19]
Underfull \hbox (badness 3250) in paragraph at lines 1493--1494
[]\T1/lmr/bx/sc/12 (+20) Requisitos fun-
 []


Underfull \hbox (badness 3250) in paragraph at lines 1586--1587
[]\T1/lmr/bx/sc/12 (+20) Requisitos fun-
 []

LaTeX Info: Redefining \. on input line 1652.
LaTeX Info: Redefining \% on input line 1652.
[20]
Underfull \hbox (badness 3250) in paragraph at lines 1676--1677
[]\T1/lmr/bx/sc/12 (+20) Requisitos fun-
 []


Underfull \hbox (badness 3250) in paragraph at lines 1772--1773
[]\T1/lmr/bx/sc/12 (+20) Requisitos fun-
 []


Underfull \vbox (badness 10000) has occurred while \output is active []

LaTeX Info: Redefining \. on input line 1842.
LaTeX Info: Redefining \% on input line 1842.
 [21])
LaTeX Info: Redefining \. on input line 403.
LaTeX Info: Redefining \% on input line 403.

[22]
\openout2 = `./tex/C_Diseno.aux'.

 (tex/C_Diseno.tex) [23




]
\openout2 = `./tex/D_Manual_programador.aux'.

 (tex/D_Manual_programador.tex [24




] [25]
LaTeX Info: Redefining \. on input line 58.
LaTeX Info: Redefining \% on input line 58.
 [26])
LaTeX Info: Redefining \. on input line 405.
LaTeX Info: Redefining \% on input line 405.

[27]
\openout2 = `./tex/E_Manual_usuario.aux'.

 (tex/E_Manual_usuario.tex [28




]) [29]
\openout2 = `./tex/F_Documento_de_diseno.aux'.

 (tex/F_Documento_de_diseno.tex
[30




] [31]
LaTeX Info: Redefining \. on input line 53.
LaTeX Info: Redefining \% on input line 53.
 [32]
LaTeX Info: Redefining \. on input line 66.
LaTeX Info: Redefining \% on input line 66.
 [33]
LaTeX Info: Redefining \. on input line 80.
LaTeX Info: Redefining \% on input line 80.
 [34]
LaTeX Info: Redefining \. on input line 98.
LaTeX Info: Redefining \% on input line 98.
 [35]
<./img//Anexos/Anexo_F/Nivel_portales.png, id=969, 426.84468pt x 80.55093pt>
File: ./img//Anexos/Anexo_F/Nivel_portales.png Graphic file (type png)
<use ./img//Anexos/Anexo_F/Nivel_portales.png>
Package pdftex.def Info: ./img//Anexos/Anexo_F/Nivel_portales.png  used on inpu
t line 115.
(pdftex.def)             Requested size: 344.69766pt x 65.05292pt.


LaTeX Warning: `!h' float specifier changed to `!ht'.

LaTeX Info: Redefining \. on input line 115.
LaTeX Info: Redefining \% on input line 115.
[36]
<./img//Anexos/Anexo_F/PruebaPlayerScene.png, id=976, 426.84468pt x 117.43875pt
>
File: ./img//Anexos/Anexo_F/PruebaPlayerScene.png Graphic file (type png)
<use ./img//Anexos/Anexo_F/PruebaPlayerScene.png>
Package pdftex.def Info: ./img//Anexos/Anexo_F/PruebaPlayerScene.png  used on i
nput line 131.
(pdftex.def)             Requested size: 426.84364pt x 117.43845pt.

Overfull \hbox (43.84364pt too wide) in paragraph at lines 131--132
 [][] 
 []


LaTeX Warning: `h' float specifier changed to `ht'.

<./img//Anexos/Anexo_F/PruebaPortalScene.png, id=977, 426.84468pt x 80.55093pt>

File: ./img//Anexos/Anexo_F/PruebaPortalScene.png Graphic file (type png)
<use ./img//Anexos/Anexo_F/PruebaPortalScene.png>
Package pdftex.def Info: ./img//Anexos/Anexo_F/PruebaPortalScene.png  used on i
nput line 138.
(pdftex.def)             Requested size: 426.84364pt x 80.55074pt.

Overfull \hbox (43.84364pt too wide) in paragraph at lines 138--139
 [][] 
 []


LaTeX Warning: `h' float specifier changed to `ht'.

<./img//Anexos/Anexo_F/PruebaMovingObstacleScene.png, id=978, 791.20593pt x 173
.14688pt>
File: ./img//Anexos/Anexo_F/PruebaMovingObstacleScene.png Graphic file (type pn
g)
<use ./img//Anexos/Anexo_F/PruebaMovingObstacleScene.png>
Package pdftex.def Info: ./img//Anexos/Anexo_F/PruebaMovingObstacleScene.png  u
sed on input line 145.
(pdftex.def)             Requested size: 435.1646pt x 95.23106pt.

Overfull \hbox (52.1646pt too wide) in paragraph at lines 145--146
 [][] 
 []


LaTeX Warning: `h' float specifier changed to `ht'.

<./img//Anexos/Anexo_F/PruebaImpulseCreatorsScene.png, id=979, 823.57687pt x 18
7.45032pt>
File: ./img//Anexos/Anexo_F/PruebaImpulseCreatorsScene.png Graphic file (type p
ng)
<use ./img//Anexos/Anexo_F/PruebaImpulseCreatorsScene.png>
Package pdftex.def Info: ./img//Anexos/Anexo_F/PruebaImpulseCreatorsScene.png  
used on input line 152.
(pdftex.def)             Requested size: 452.96867pt x 103.09798pt.

Overfull \hbox (69.96867pt too wide) in paragraph at lines 152--153
 [][] 
 []


LaTeX Warning: `h' float specifier changed to `ht'.

<./img//Anexos/Anexo_F/PruebaGravityModifierScene.png, id=980, 800.9925pt x 249
.93375pt>
File: ./img//Anexos/Anexo_F/PruebaGravityModifierScene.png Graphic file (type p
ng)
<use ./img//Anexos/Anexo_F/PruebaGravityModifierScene.png>
Package pdftex.def Info: ./img//Anexos/Anexo_F/PruebaGravityModifierScene.png  
used on input line 159.
(pdftex.def)             Requested size: 440.54723pt x 137.46397pt.

Overfull \hbox (57.54723pt too wide) in paragraph at lines 159--160
 [][] 
 []


LaTeX Warning: `h' float specifier changed to `ht'.

LaTeX Info: Redefining \. on input line 162.
LaTeX Info: Redefining \% on input line 162.
[37pdfTeX warning (ext4): destination with the same identifier (name{figure.Alp
h6.1}) has been already used, duplicate ignored
<argument> ...shipout:D \box_use:N \l_shipout_box 
                                                  
l.162 \clearpage
                 <./img//Anexos/Anexo_F/Nivel_portales.png>]
LaTeX Info: Redefining \. on input line 162.
LaTeX Info: Redefining \% on input line 162.
 [38pdfTeX warning (ext4): destination with the same identifier (name{figure.Al
ph6.2}) has been already used, duplicate ignored
<argument> ...shipout:D \box_use:N \l_shipout_box 
                                                  
l.162 \clearpage
                pdfTeX warning (ext4): destination with the same identifier (na
me{figure.Alph6.3}) has been already used, duplicate ignored
<argument> ...shipout:D \box_use:N \l_shipout_box 
                                                  
l.162 \clearpage
                pdfTeX warning (ext4): destination with the same identifier (na
me{figure.Alph6.4}) has been already used, duplicate ignored
<argument> ...shipout:D \box_use:N \l_shipout_box 
                                                  
l.162 \clearpage
                 <./img//Anexos/Anexo_F/PruebaPlayerScene.png> <./img//Anexos/A
nexo_F/PruebaPortalScene.png> <./img//Anexos/Anexo_F/PruebaMovingObstacleScene.
png>]
LaTeX Info: Redefining \. on input line 162.
LaTeX Info: Redefining \% on input line 162.
 [39pdfTeX warning (ext4): destination with the same identifier (name{figure.Al
ph6.5}) has been already used, duplicate ignored
<argument> ...shipout:D \box_use:N \l_shipout_box 
                                                  
l.162 \clearpage
                pdfTeX warning (ext4): destination with the same identifier (na
me{figure.Alph6.6}) has been already used, duplicate ignored
<argument> ...shipout:D \box_use:N \l_shipout_box 
                                                  
l.162 \clearpage
                 <./img//Anexos/Anexo_F/PruebaImpulseCreatorsScene.png> <./img/
/Anexos/Anexo_F/PruebaGravityModifierScene.png>]
<./img//Anexos/Anexo_F/PruebaTimeModifierScene.png, id=1003, 800.23969pt x 178.
41656pt>
File: ./img//Anexos/Anexo_F/PruebaTimeModifierScene.png Graphic file (type png)

<use ./img//Anexos/Anexo_F/PruebaTimeModifierScene.png>
Package pdftex.def Info: ./img//Anexos/Anexo_F/PruebaTimeModifierScene.png  use
d on input line 167.
(pdftex.def)             Requested size: 440.1332pt x 98.1294pt.

Overfull \hbox (57.1332pt too wide) in paragraph at lines 167--168
 [][] 
 []

<./img//Anexos/Anexo_F/Pantalla_de_elecci贸n_de_nivel.png, id=1004, 426.84468pt
 x 175.40532pt>
File: ./img//Anexos/Anexo_F/Pantalla_de_elecci贸n_de_nivel.png Graphic file (ty
pe png)
<use ./img//Anexos/Anexo_F/Pantalla_de_elecci贸n_de_nivel.png>
Package pdftex.def Info: ./img//Anexos/Anexo_F/Pantalla_de_elecci贸n_de_nivel.p
ng  used on input line 177.
(pdftex.def)             Requested size: 344.69766pt x 141.6573pt.

Underfull \hbox (badness 10000) in paragraph at lines 179--181

 []

LaTeX Info: Redefining \. on input line 181.
LaTeX Info: Redefining \% on input line 181.
[40

pdfTeX warning (ext4): destination with the same identifier (name{figure.Alph6.
7}) has been already used, duplicate ignored
<argument> ...shipout:D \box_use:N \l_shipout_box 
                                                  
l.181 
      pdfTeX warning (ext4): destination with the same identifier (name{figure.
Alph6.8}) has been already used, duplicate ignored
<argument> ...shipout:D \box_use:N \l_shipout_box 
                                                  
l.181 
       <./img//Anexos/Anexo_F/PruebaTimeModifierScene.png> <./img//Anexos/Anexo
_F/Pantalla_de_elecci贸n_de_nivel.png>]
<./img//Anexos/Anexo_F/Pnatalla_de_opciones.png, id=1015, 426.84468pt x 178.416
56pt>
File: ./img//Anexos/Anexo_F/Pnatalla_de_opciones.png Graphic file (type png)
<use ./img//Anexos/Anexo_F/Pnatalla_de_opciones.png>
Package pdftex.def Info: ./img//Anexos/Anexo_F/Pnatalla_de_opciones.png  used o
n input line 185.
(pdftex.def)             Requested size: 344.69766pt x 144.08919pt.
LaTeX Info: Redefining \. on input line 196.
LaTeX Info: Redefining \% on input line 196.
 [41pdfTeX warning (ext4): destination with the same identifier (name{figure.Al
ph6.9}) has been already used, duplicate ignored
<argument> ...shipout:D \box_use:N \l_shipout_box 
                                                  
l.196 \subsection
                 {Elementos} <./img//Anexos/Anexo_F/Pnatalla_de_opciones.png>]
<./img//Anexos/Anexo_F/Sprite_Player.png, id=1029, 161.10187pt x 201.75375pt>
File: ./img//Anexos/Anexo_F/Sprite_Player.png Graphic file (type png)
<use ./img//Anexos/Anexo_F/Sprite_Player.png>
Package pdftex.def Info: ./img//Anexos/Anexo_F/Sprite_Player.png  used on input
 line 204.
(pdftex.def)             Requested size: 161.10147pt x 201.75325pt.
LaTeX Info: Redefining \. on input line 211.
LaTeX Info: Redefining \% on input line 211.

[42pdfTeX warning (ext4): destination with the same identifier (name{figure.Alp
h6.10}) has been already used, duplicate ignored
<argument> ...shipout:D \box_use:N \l_shipout_box 
                                                  
l.211 \clearpage
                 <./img//Anexos/Anexo_F/Sprite_Player.png>]
<./img//Anexos/Anexo_F/Obstaculos_estaticos.png, id=1038, 155.07938pt x 149.056
87pt>
File: ./img//Anexos/Anexo_F/Obstaculos_estaticos.png Graphic file (type png)
<use ./img//Anexos/Anexo_F/Obstaculos_estaticos.png>
Package pdftex.def Info: ./img//Anexos/Anexo_F/Obstaculos_estaticos.png  used o
n input line 220.
(pdftex.def)             Requested size: 155.07898pt x 149.0565pt.
<./img//Anexos/Anexo_F/Obstaculo_en_rutina.png, id=1040, 184.43906pt x 167.1243
7pt>
File: ./img//Anexos/Anexo_F/Obstaculo_en_rutina.png Graphic file (type png)
<use ./img//Anexos/Anexo_F/Obstaculo_en_rutina.png>
Package pdftex.def Info: ./img//Anexos/Anexo_F/Obstaculo_en_rutina.png  used on
 input line 232.
(pdftex.def)             Requested size: 184.4386pt x 167.12395pt.


LaTeX Warning: `h' float specifier changed to `ht'.

<./img//Anexos/Anexo_F/Obstaculo_movil_rapido.png, id=1042, 134.75343pt x 101.6
2968pt>
File: ./img//Anexos/Anexo_F/Obstaculo_movil_rapido.png Graphic file (type png)
<use ./img//Anexos/Anexo_F/Obstaculo_movil_rapido.png>
Package pdftex.def Info: ./img//Anexos/Anexo_F/Obstaculo_movil_rapido.png  used
 on input line 244.
(pdftex.def)             Requested size: 134.7531pt x 101.62943pt.

LaTeX Warning: `h' float specifier changed to `ht'.

<./img//Anexos/Anexo_F/Obstaculo_movil.png, id=1043, 119.69719pt x 103.13531pt>

File: ./img//Anexos/Anexo_F/Obstaculo_movil.png Graphic file (type png)
<use ./img//Anexos/Anexo_F/Obstaculo_movil.png>
Package pdftex.def Info: ./img//Anexos/Anexo_F/Obstaculo_movil.png  used on inp
ut line 250.
(pdftex.def)             Requested size: 119.69688pt x 103.13504pt.

LaTeX Warning: `h' float specifier changed to `ht'.

<./img//Anexos/Anexo_F/Obstaculo_movil_lento.png, id=1044, 143.03438pt x 103.13
531pt>
File: ./img//Anexos/Anexo_F/Obstaculo_movil_lento.png Graphic file (type png)
<use ./img//Anexos/Anexo_F/Obstaculo_movil_lento.png>
Package pdftex.def Info: ./img//Anexos/Anexo_F/Obstaculo_movil_lento.png  used 
on input line 256.
(pdftex.def)             Requested size: 143.03401pt x 103.13504pt.

LaTeX Warning: `h' float specifier changed to `ht'.

LaTeX Info: Redefining \. on input line 261.
LaTeX Info: Redefining \% on input line 261.
[43

pdfTeX warning (ext4): destination with the same identifier (name{figure.Alph6.
11}) has been already used, duplicate ignored
<argument> ...shipout:D \box_use:N \l_shipout_box 
                                                  
l.261 \clearpage
                 <./img//Anexos/Anexo_F/Obstaculos_estaticos.png>]
LaTeX Info: Redefining \. on input line 261.
LaTeX Info: Redefining \% on input line 261.
 [44pdfTeX warning (ext4): destination with the same identifier (name{figure.Al
ph6.12}) has been already used, duplicate ignored
<argument> ...shipout:D \box_use:N \l_shipout_box 
                                                  
l.261 \clearpage
                pdfTeX warning (ext4): destination with the same identifier (na
me{figure.Alph6.13}) has been already used, duplicate ignored
<argument> ...shipout:D \box_use:N \l_shipout_box 
                                                  
l.261 \clearpage
                 <./img//Anexos/Anexo_F/Obstaculo_en_rutina.png> <./img//Anexos
/Anexo_F/Obstaculo_movil_rapido.png>]
LaTeX Info: Redefining \. on input line 261.
LaTeX Info: Redefining \% on input line 261.
 [45pdfTeX warning (ext4): destination with the same identifier (name{figure.Al
ph6.14}) has been already used, duplicate ignored
<argument> ...shipout:D \box_use:N \l_shipout_box 
                                                  
l.261 \clearpage
                pdfTeX warning (ext4): destination with the same identifier (na
me{figure.Alph6.15}) has been already used, duplicate ignored
<argument> ...shipout:D \box_use:N \l_shipout_box 
                                                  
l.261 \clearpage
                 <./img//Anexos/Anexo_F/Obstaculo_movil.png> <./img//Anexos/Ane
xo_F/Obstaculo_movil_lento.png>]
<./img//Anexos/Anexo_F/Portal.png, id=1064, 232.61906pt x 196.48407pt>
File: ./img//Anexos/Anexo_F/Portal.png Graphic file (type png)
<use ./img//Anexos/Anexo_F/Portal.png>
Package pdftex.def Info: ./img//Anexos/Anexo_F/Portal.png  used on input line 2
81.
(pdftex.def)             Requested size: 186.09549pt x 157.18745pt.
<./img//Anexos/Anexo_F/Particula_de_impulso.png, id=1069, 191.9672pt x 190.4615
6pt>
File: ./img//Anexos/Anexo_F/Particula_de_impulso.png Graphic file (type png)
<use ./img//Anexos/Anexo_F/Particula_de_impulso.png>
Package pdftex.def Info: ./img//Anexos/Anexo_F/Particula_de_impulso.png  used o
n input line 300.
(pdftex.def)             Requested size: 191.96672pt x 190.46107pt.
LaTeX Info: Redefining \. on input line 307.
LaTeX Info: Redefining \% on input line 307.
 [46

pdfTeX warning (ext4): destination with the same identifier (name{figure.Alph6.
16}) has been already used, duplicate ignored
<argument> ...shipout:D \box_use:N \l_shipout_box 
                                                  
l.307 
       <./img//Anexos/Anexo_F/Portal.png>]
<./img//Anexos/Anexo_F/Amplificador_de_impulso.png, id=1081, 322.20375pt x 258.
9675pt>
File: ./img//Anexos/Anexo_F/Amplificador_de_impulso.png Graphic file (type png)

<use ./img//Anexos/Anexo_F/Amplificador_de_impulso.png>
Package pdftex.def Info: ./img//Anexos/Anexo_F/Amplificador_de_impulso.png  use
d on input line 314.
(pdftex.def)             Requested size: 322.20296pt x 258.96684pt.


LaTeX Warning: `h' float specifier changed to `ht'.

<./img//Anexos/Anexo_F/Plataforma_de_salto.png, id=1084, 188.20313pt x 174.6525
pt>
File: ./img//Anexos/Anexo_F/Plataforma_de_salto.png Graphic file (type png)
<use ./img//Anexos/Anexo_F/Plataforma_de_salto.png>
Package pdftex.def Info: ./img//Anexos/Anexo_F/Plataforma_de_salto.png  used on
 input line 328.
(pdftex.def)             Requested size: 188.20265pt x 174.65207pt.

LaTeX Warning: `h' float specifier changed to `ht'.

LaTeX Info: Redefining \. on input line 336.
LaTeX Info: Redefining \% on input line 336.
[47pdfTeX warning (ext4): destination with the same identifier (name{figure.Alp
h6.17}) has been already used, duplicate ignored
<argument> ...shipout:D \box_use:N \l_shipout_box 
                                                  
l.336 \clearpage
                 <./img//Anexos/Anexo_F/Particula_de_impulso.png>]
LaTeX Info: Redefining \. on input line 336.
LaTeX Info: Redefining \% on input line 336.
 [48pdfTeX warning (ext4): destination with the same identifier (name{figure.Al
ph6.18}) has been already used, duplicate ignored
<argument> ...shipout:D \box_use:N \l_shipout_box 
                                                  
l.336 \clearpage
                 <./img//Anexos/Anexo_F/Amplificador_de_impulso.png>]
LaTeX Info: Redefining \. on input line 336.
LaTeX Info: Redefining \% on input line 336.
 [49pdfTeX warning (ext4): destination with the same identifier (name{figure.Al
ph6.19}) has been already used, duplicate ignored
<argument> ...shipout:D \box_use:N \l_shipout_box 
                                                  
l.336 \clearpage
                 <./img//Anexos/Anexo_F/Plataforma_de_salto.png>]
<./img//Anexos/Anexo_F/Zonas_tiempo_escalado.png, id=1105, 218.31563pt x 226.59
656pt>
File: ./img//Anexos/Anexo_F/Zonas_tiempo_escalado.png Graphic file (type png)
<use ./img//Anexos/Anexo_F/Zonas_tiempo_escalado.png>
Package pdftex.def Info: ./img//Anexos/Anexo_F/Zonas_tiempo_escalado.png  used 
on input line 348.
(pdftex.def)             Requested size: 218.31508pt x 226.596pt.
<./img//Anexos/Anexo_F/Inversor_gravedad.png, id=1107, 225.84375pt x 120.45pt>
File: ./img//Anexos/Anexo_F/Inversor_gravedad.png Graphic file (type png)
<use ./img//Anexos/Anexo_F/Inversor_gravedad.png>
Package pdftex.def Info: ./img//Anexos/Anexo_F/Inversor_gravedad.png  used on i
nput line 365.
(pdftex.def)             Requested size: 225.84319pt x 120.44969pt.
<./img//Anexos/Anexo_F/Obstaculo_superdenso.png, id=1109, 234.8775pt x 234.1247
pt>
File: ./img//Anexos/Anexo_F/Obstaculo_superdenso.png Graphic file (type png)
<use ./img//Anexos/Anexo_F/Obstaculo_superdenso.png>
Package pdftex.def Info: ./img//Anexos/Anexo_F/Obstaculo_superdenso.png  used o
n input line 375.
(pdftex.def)             Requested size: 234.87692pt x 234.12411pt.


LaTeX Warning: Float too large for page by 33.04166pt on input line 381.


LaTeX Warning: `h' float specifier changed to `ht'.

LaTeX Info: Redefining \. on input line 383.
LaTeX Info: Redefining \% on input line 383.
[50

pdfTeX warning (ext4): destination with the same identifier (name{figure.Alph6.
20}) has been already used, duplicate ignored
<argument> ...shipout:D \box_use:N \l_shipout_box 
                                                  
l.383 \clearpage
                 <./img//Anexos/Anexo_F/Zonas_tiempo_escalado.png>]
LaTeX Info: Redefining \. on input line 383.
LaTeX Info: Redefining \% on input line 383.
 [51pdfTeX warning (ext4): destination with the same identifier (name{figure.Al
ph6.21}) has been already used, duplicate ignored
<argument> ...shipout:D \box_use:N \l_shipout_box 
                                                  
l.383 \clearpage
                pdfTeX warning (ext4): destination with the same identifier (na
me{figure.Alph6.22}) has been already used, duplicate ignored
<argument> ...shipout:D \box_use:N \l_shipout_box 
                                                  
l.383 \clearpage
                 <./img//Anexos/Anexo_F/Inversor_gravedad.png> <./img//Anexos/A
nexo_F/Obstaculo_superdenso.png>]
<./img//Anexos/Anexo_F/Mando_play.jpg, id=1126, 357.58594pt x 201.00093pt>
File: ./img//Anexos/Anexo_F/Mando_play.jpg Graphic file (type jpg)
<use ./img//Anexos/Anexo_F/Mando_play.jpg>
Package pdftex.def Info: ./img//Anexos/Anexo_F/Mando_play.jpg  used on input li
ne 390.
(pdftex.def)             Requested size: 357.58505pt x 201.00043pt.
LaTeX Info: Redefining \. on input line 419.
LaTeX Info: Redefining \% on input line 419.
 [52

pdfTeX warning (ext4): destination with the same identifier (name{figure.Alph6.
23}) has been already used, duplicate ignored
<argument> ...shipout:D \box_use:N \l_shipout_box 
                                                  
l.419 \end{itemize}
                    <./img//Anexos/Anexo_F/Mando_play.jpg>])
LaTeX Info: Redefining \. on input line 407.
LaTeX Info: Redefining \% on input line 407.
 [53] (anexos.bbl
[54



]
bibitemlist
)

Class memoir Warning: The material used in the headers is too large
(15.35403pt) for the given head height (14.5pt), it is recommended to
either increase the head height or redesign the header
(in both cases you will find help in the memoir manual). on input line 413.

[55]
\tf@toc=\write5
\openout5 = `anexos.toc'.

\tf@lof=\write6
\openout6 = `anexos.lof'.

\tf@lot=\write7
\openout7 = `anexos.lot'.

 (anexos.aux
LaTeX Info: Redefining \. on input line 26.
LaTeX Info: Redefining \% on input line 26.
LaTeX Info: Redefining \. on input line 27.
LaTeX Info: Redefining \% on input line 27.
 (tex/A_Plan_proyecto.aux) (tex/B_Requisitos.aux)
(tex/C_Diseno.aux) (tex/D_Manual_programador.aux) (tex/E_Manual_usuario.aux)
(tex/F_Documento_de_diseno.aux))

LaTeX Font Warning: Some font shapes were not available, defaults substituted.

Package rerunfilecheck Info: File `anexos.out' has not changed.
(rerunfilecheck)             Checksum: F4BE33C0C6B3A8079586CE615735BEAF;5798.
 ) 
Here is how much of TeX's memory you used:
 16565 strings out of 479334
 246432 string characters out of 2870772
 646719 words of memory out of 3000000
 33194 multiletter control sequences out of 15000+200000
 487193 words of font info for 167 fonts, out of 3000000 for 9000
 1141 hyphenation exceptions out of 8191
 71i,12n,74p,769b,714s stack positions out of 5000i,500n,10000p,200000b,50000s
{D:/Latex/MikTex/fonts/enc/dvips/lm/lm-ec.enc}{D:/Latex/MikTex/fonts/enc/dvip
s/lm/lm-mathsy.enc}{D:/Latex/MikTex/fonts/enc/dvips/lm/lm-ts1.enc}<D:/Latex/Mik
Tex/fonts/type1/public/lm/lmbx12.pfb><D:/Latex/MikTex/fonts/type1/public/lm/lmb
xi10.pfb><D:/Latex/MikTex/fonts/type1/public/lm/lmcsc10.pfb><D:/Latex/MikTex/fo
nts/type1/public/lm/lmr12.pfb><D:/Latex/MikTex/fonts/type1/public/lm/lmr17.pfb>
<D:/Latex/MikTex/fonts/type1/public/lm/lmri12.pfb><D:/Latex/MikTex/fonts/type1/
public/lm/lmro12.pfb><D:/Latex/MikTex/fonts/type1/public/lm/lmssbx10.pfb><D:/La
tex/MikTex/fonts/type1/public/lm/lmsso17.pfb><D:/Latex/MikTex/fonts/type1/publi
c/lm/lmsy10.pfb><D:/Latex/MikTex/fonts/type1/public/lm/lmtt12.pfb><D:/Latex/Mik
Tex/fonts/type1/public/lm/lmtti10.pfb>
Output written on anexos.pdf (63 pages, 2177123 bytes).
PDF statistics:
 1253 PDF objects out of 1440 (max. 8388607)
 292 named destinations out of 1000 (max. 500000)
 48577 words of extra memory for PDF output out of 51595 (max. 10000000)

