This is pdfTeX, Version 3.141592653-2.6-1.40.22 (MiKTeX 21.2) (preloaded format=pdflatex 2021.5.19)  6 JUN 2021 11:07
entering extended mode
**./memoria.tex
(memoria.tex
LaTeX2e <2020-10-01> patch level 4
L3 programming layer <2021-02-18> xparse <2020-03-03>
(D:\Latex\MikTex\tex/latex/memoir\memoir.cls
Document Class: memoir 2021/03/23 v3.7o configurable book, report, article docu
ment class
\onelineskip=\skip47
\lxvchars=\skip48
\xlvchars=\skip49
\@memcnta=\count179
\c@@memmarkcntra=\count180
(D:\Latex\MikTex\tex/generic/iftex\iftex.sty
Package: iftex 2020/03/06 v1.0d TeX engine tests
)
\stockheight=\skip50
\stockwidth=\skip51
\trimtop=\skip52
\trimedge=\skip53

(D:\Latex\MikTex\tex/latex/memoir\mem12.clo
File: mem12.clo 2010/10/19 v0.4b memoir class 12pt size option
)
\binding=\skip54
\spinemargin=\skip55
\foremargin=\skip56
\uppermargin=\skip57
\lowermargin=\skip58
\headdrop=\skip59
\normalrulethickness=\skip60
\mem@maxheadheight=\skip61
\mem@maxfootheight=\skip62
\headwidth=\skip63
\c@storedpagenumber=\count181
\memPD=\dimen138
\m@mabparskip=\skip64
\thanksmarkwidth=\skip65
\thanksmarksep=\skip66
\droptitle=\skip67
\c@book=\count182
\c@part=\count183
\c@chapter=\count184
\c@section=\count185
\c@subsection=\count186
\c@subsubsection=\count187
\c@paragraph=\count188
\c@subparagraph=\count189
\beforechapskip=\skip68
\midchapskip=\skip69
\afterchapskip=\skip70
\chapindent=\skip71
\bottomsectionskip=\skip72
\secindent=\skip73
\beforesecskip=\skip74
\aftersecskip=\skip75
\subsecindent=\skip76
\beforesubsecskip=\skip77
\aftersubsecskip=\skip78
\subsubsecindent=\skip79
\beforesubsubsecskip=\skip80
\aftersubsubsecskip=\skip81
\paraindent=\skip82
\beforeparaskip=\skip83
\afterparaskip=\skip84
\subparaindent=\skip85
\beforesubparaskip=\skip86
\aftersubparaskip=\skip87
\pfbreakskip=\skip88
\c@@ppsavesec=\count190
\c@@ppsaveapp=\count191
\ragrparindent=\dimen139
\everylistparindent=\dimen140
\parsepi=\skip89
\topsepi=\skip90
\itemsepi=\skip91
\parsepii=\skip92
\topsepii=\skip93
\topsepiii=\skip94
\itemsepii=\skip95
\itemsepiii=\skip96
\partopsepii=\skip97
\partopsepiii=\skip98
\m@msavetopsep=\skip99
\m@msavepartopsep=\skip100
\@enLab=\toks15
\abstitleskip=\skip101
\absleftindent=\skip102
\abs@leftindent=\dimen141
\absrightindent=\skip103
\absparindent=\skip104
\absparsep=\skip105
\c@vslineno=\count192
\c@poemline=\count193
\c@modulo@vs=\count194
\c@memfvsline=\count195
\vleftskip=\skip106
\vrightskip=\skip107
\stanzaskip=\skip108
\versewidth=\skip109
\vgap=\skip110
\vindent=\skip111
\vleftmargin=\dimen142
\c@verse=\count196
\c@chrsinstr=\count197
\beforepoemtitleskip=\skip112
\afterpoemtitleskip=\skip113
\c@poem=\count198
\beforePoemTitleskip=\skip114
\midPoemTitleskip=\skip115
\afterPoemTitleskip=\skip116

(D:\Latex\MikTex\tex/latex/latex-tools\array.sty
Package: array 2020/10/01 v2.5c Tabular extension package (FMi)
\col@sep=\dimen143
\ar@mcellbox=\box47
\extrarowheight=\dimen144
\NC@list=\toks16
\extratabsurround=\skip117
\backup@length=\skip118
\ar@cellbox=\box48
)
(D:\Latex\MikTex\tex/latex/latex-tools\dcolumn.sty
Package: dcolumn 2014/10/28 v1.06 decimal alignment package (DPC)
)
(D:\Latex\MikTex\tex/latex/latex-tools\delarray.sty
Package: delarray 2014/10/28 v1.01 array delimiter package (DPC)
)
(D:\Latex\MikTex\tex/latex/latex-tools\tabularx.sty
Package: tabularx 2020/01/15 v2.11c `tabularx' package (DPC)
\TX@col@width=\dimen145
\TX@old@table=\dimen146
\TX@old@col=\dimen147
\TX@target=\dimen148
\TX@delta=\dimen149
\TX@cols=\count199
\TX@ftn=\toks17
)
\heavyrulewidth=\dimen150
\lightrulewidth=\dimen151
\cmidrulewidth=\dimen152
\belowrulesep=\dimen153
\belowbottomsep=\dimen154
\aboverulesep=\dimen155
\abovetopsep=\dimen156
\cmidrulesep=\dimen157
\cmidrulekern=\dimen158
\defaultaddspace=\dimen159
\@cmidla=\count266
\@cmidlb=\count267
\@aboverulesep=\dimen160
\@belowrulesep=\dimen161
\@thisruleclass=\count268
\@lastruleclass=\count269
\@thisrulewidth=\dimen162
\ctableftskip=\skip119
\ctabrightskip=\skip120
\abovecolumnspenalty=\count270
\@linestogo=\count271
\@cellstogo=\count272
\@cellsincolumn=\count273
\crtok=\toks18
\@mincolumnwidth=\dimen163
\c@newflo@tctr=\count274
\mem@margin@floatbox=\box49
\@contcwidth=\skip121
\@contindw=\skip122
\abovecaptionskip=\skip123
\belowcaptionskip=\skip124
\subfloattopskip=\skip125
\subfloatcapskip=\skip126
\subfloatcaptopadj=\skip127
\subfloatbottomskip=\skip128
\subfloatlabelskip=\skip129
\subfloatcapmargin=\dimen164
\c@@contsubnum=\count275
\m@mscap@capbox=\box50
\m@mscap@fbox=\box51
\sidecapsep=\dimen165
\sidecapwidth=\dimen166
\m@m@tempdima=\dimen167
\m@mscapraise=\dimen168
\sidecapraise=\dimen169
\m@mscapmainwidth=\dimen170
\m@mscaplkern=\dimen171
\beforeepigraphskip=\skip130
\afterepigraphskip=\skip131
\epigraphwidth=\skip132
\epigraphrule=\skip133
LaTeX Info: Redefining \em on input line 7650.
LaTeX Info: Redefining \emph on input line 7658.
\tocentryskip=\skip134
\tocbaseline=\skip135
\cftparskip=\skip136
\cftbeforebookskip=\skip137
\cftbookindent=\dimen172
\cftbooknumwidth=\dimen173
\cftbeforepartskip=\skip138
\cftpartindent=\skip139
\cftpartnumwidth=\skip140
\cftbeforechapterskip=\skip141
\cftchapterindent=\skip142
\cftchapternumwidth=\skip143
\cftbeforesectionskip=\skip144
\cftsectionindent=\skip145
\cftsectionnumwidth=\skip146
\cftbeforesubsectionskip=\skip147
\cftsubsectionindent=\skip148
\cftsubsectionnumwidth=\skip149
\cftbeforesubsubsectionskip=\skip150
\cftsubsubsectionindent=\skip151
\cftsubsubsectionnumwidth=\skip152
\cftbeforeparagraphskip=\skip153
\cftparagraphindent=\skip154
\cftparagraphnumwidth=\skip155
\cftbeforesubparagraphskip=\skip156
\cftsubparagraphindent=\skip157
\cftsubparagraphnumwidth=\skip158
\prechapterprecisshift=\dimen174
\c@maxsecnumdepth=\count276
\bibindent=\dimen175
\bibitemsep=\skip159
\indexcolsep=\skip160
\indexrule=\skip161
\indexmarkstyle=\toks19
\@indexbox=\insert252
\glossarycolsep=\dimen176
\glossaryrule=\dimen177
\sideparvshift=\skip162
\sideins=\insert251
\sidebartopsep=\skip163
\sidebarhsep=\skip164
\sidebarvsep=\skip165
\sidebarwidth=\skip166
\footmarkwidth=\skip167
\footmarksep=\skip168
\footparindent=\skip169
\footinsdim=\skip170
\footinsv@r=\insert250
\@mpfootinsv@r=\insert249
\m@m@k=\count277
\m@m@h=\dimen178
\m@mipn@skip=\skip171
\sidefootins=\insert248
\sidefootadjust=\skip172
\sidefootheight=\skip173
\sidefoothsep=\skip174
\sidefootvsep=\skip175
\sidefootwidth=\skip176
\m@mdownsf=\skip177
\c@sidefootnote=\count278
\sidefootmarkwidth=\skip178
\sidefootmarksep=\skip179
\sidefootparindent=\skip180
\c@pagenote=\count279
\c@pagenoteshadow=\count280
\mem@pn@lastkern=\skip181
\every@verbatim=\toks20
\afterevery@verbatim=\toks21
\verbatim@line=\toks22
\tab@position=\count281
\verbatim@in@stream=\read2
\verbatimindent=\skip182
\verbatim@out=\write3
\bvboxsep=\skip183
\c@memfbvline=\count282
\c@bvlinectr=\count283
\bvnumlength=\skip184
\fb@frw=\dimen179
\fb@frh=\dimen180
\FrameRule=\dimen181
\FrameSep=\dimen182
\c@cp@cntr=\count284
\c@ism@mctr=\count285
\c@xsm@mctr=\count286
\c@csm@mctr=\count287
\c@ksm@mctr=\count288
\c@xksm@mctr=\count289
\c@cksm@mctr=\count290
\c@msm@mctr=\count291
\c@xmsm@mctr=\count292
\c@cmsm@mctr=\count293
\c@bsm@mctr=\count294
\c@workm@mctr=\count295
\c@sheetsequence=\count296
\c@lastsheet=\count297
\c@lastpage=\count298

(D:\Latex\MikTex\tex/latex/textcase\textcase.sty
Package: textcase 2019/09/14 v1.00 Text only upper/lower case changing (DPC)
)
\c@figure=\count299
\c@lofdepth=\count300
\cftbeforefigureskip=\skip185
\cftfigureindent=\skip186
\cftfigurenumwidth=\skip187
\c@table=\count301
\c@lotdepth=\count302
\cftbeforetableskip=\skip188
\cfttableindent=\skip189
\cfttablenumwidth=\skip190
Package abstract [2008/07/23] emulated by memoir.
Package appendix [2008/07/23] emulated by memoir.
Package booktabs [2016/05/16] emulated by memoir.
Package ccaption [2008/07/23] emulated by memoir.
Package changepage [2008/07/23] emulated by memoir.
Package chngcntr [2008/07/23] emulated by memoir.
Package chngpage [2008/07/23] emulated by memoir.
Package crop emulated by memoir.
Package enumerate [2008/07/23] emulated by memoir.
Package epigraph [2008/07/23] emulated by memoir.
Package ifmtarg [2008/07/23] emulated by memoir.
Package index [2008/07/23] emulated by memoir.
Package makeidx [2008/07/23] emulated by memoir.
Package moreverb [2008/07/23] emulated by memoir.
Package needspace [2008/07/23] emulated by memoir.
Package newfile [2008/07/23] emulated by memoir.
Package nextpage [2008/07/23] emulated by memoir.
Package pagenote [2008/07/23] emulated by memoir.
Package parskip [2008/07/23] emulated by memoir.
Package patchcmd [2008/07/23] emulated by memoir.
Package setspace [2008/07/23] emulated by memoir.
Package shortvrb [2008/07/23] emulated by memoir.
Package showidx [2008/07/23] emulated by memoir.
Package titleref [2008/07/23] emulated by memoir.
Package titling [2008/07/23] emulated by memoir.
Package tocbibind [2008/07/23] emulated by memoir.
Package tocloft [2008/07/23] emulated by memoir.
Package tocvsec2 [2008/07/23] emulated by memoir.
Package verbatim [2008/07/23] emulated by memoir.
Package verse [2008/07/23] emulated by memoir.
)
(D:\Latex\MikTex\tex/generic/babel\babel.sty
Package: babel 2021/01/26 3.53 The Babel package

(D:\Latex\MikTex\tex/generic/babel\babel.def
File: babel.def 2021/01/26 3.53 Babel common definitions
\babel@savecnt=\count303
\U@D=\dimen183
\l@babelnohyphens=\language79

(D:\Latex\MikTex\tex/generic/babel\txtbabel.def)
\bbl@readstream=\read3
)
\bbl@dirlevel=\count304

*************************************
* Local config file bblopts.cfg used
*
(D:\Latex\MikTex\tex/latex/arabi\bblopts.cfg
File: bblopts.cfg 2005/09/08 v0.1 add Arabic and Farsi to "declared" options of
 babel
)
(D:\Latex\MikTex\tex/latex/babel-spanish\spanish.ldf
Language: spanish.ldf 2016/03/03 v5.0p Spanish support from the babel system
\es@quottoks=\toks23
\es@quotdepth=\count305
Package babel Info: Making " an active character on input line 561.
Package babel Info: Making . an active character on input line 662.
Package babel Info: Making < an active character on input line 707.
Package babel Info: Making > an active character on input line 707.
))
LaTeX Info: Redefining \. on input line 5.
LaTeX Info: Redefining \% on input line 5.

(D:\Latex\MikTex\tex/latex/base\inputenc.sty
Package: inputenc 2020/08/01 v1.3d Input encoding file
\inpenc@prehook=\toks24
\inpenc@posthook=\toks25
)
(D:\Latex\MikTex\tex/latex/base\fontenc.sty
Package: fontenc 2020/08/10 v2.0s Standard LaTeX package
)
(D:\Latex\MikTex\tex/latex/lm\lmodern.sty
Package: lmodern 2009/10/30 v1.6 Latin Modern Fonts
LaTeX Font Info:    Overwriting symbol font `operators' in version `normal'
(Font)                  OT1/cmr/m/n --> OT1/lmr/m/n on input line 22.
LaTeX Font Info:    Overwriting symbol font `letters' in version `normal'
(Font)                  OML/cmm/m/it --> OML/lmm/m/it on input line 23.
LaTeX Font Info:    Overwriting symbol font `symbols' in version `normal'
(Font)                  OMS/cmsy/m/n --> OMS/lmsy/m/n on input line 24.
LaTeX Font Info:    Overwriting symbol font `largesymbols' in version `normal'
(Font)                  OMX/cmex/m/n --> OMX/lmex/m/n on input line 25.
LaTeX Font Info:    Overwriting symbol font `operators' in version `bold'
(Font)                  OT1/cmr/bx/n --> OT1/lmr/bx/n on input line 26.
LaTeX Font Info:    Overwriting symbol font `letters' in version `bold'
(Font)                  OML/cmm/b/it --> OML/lmm/b/it on input line 27.
LaTeX Font Info:    Overwriting symbol font `symbols' in version `bold'
(Font)                  OMS/cmsy/b/n --> OMS/lmsy/b/n on input line 28.
LaTeX Font Info:    Overwriting symbol font `largesymbols' in version `bold'
(Font)                  OMX/cmex/m/n --> OMX/lmex/m/n on input line 29.
LaTeX Font Info:    Overwriting math alphabet `\mathbf' in version `normal'
(Font)                  OT1/cmr/bx/n --> OT1/lmr/bx/n on input line 31.
LaTeX Font Info:    Overwriting math alphabet `\mathsf' in version `normal'
(Font)                  OT1/cmss/m/n --> OT1/lmss/m/n on input line 32.
LaTeX Font Info:    Overwriting math alphabet `\mathit' in version `normal'
(Font)                  OT1/cmr/m/it --> OT1/lmr/m/it on input line 33.
LaTeX Font Info:    Overwriting math alphabet `\mathtt' in version `normal'
(Font)                  OT1/cmtt/m/n --> OT1/lmtt/m/n on input line 34.
LaTeX Font Info:    Overwriting math alphabet `\mathbf' in version `bold'
(Font)                  OT1/cmr/bx/n --> OT1/lmr/bx/n on input line 35.
LaTeX Font Info:    Overwriting math alphabet `\mathsf' in version `bold'
(Font)                  OT1/cmss/bx/n --> OT1/lmss/bx/n on input line 36.
LaTeX Font Info:    Overwriting math alphabet `\mathit' in version `bold'
(Font)                  OT1/cmr/bx/it --> OT1/lmr/bx/it on input line 37.
LaTeX Font Info:    Overwriting math alphabet `\mathtt' in version `bold'
(Font)                  OT1/cmtt/m/n --> OT1/lmtt/m/n on input line 38.
)
(D:\Latex\MikTex\tex/latex/microtype\microtype.sty
Package: microtype 2021/03/14 v2.8c Micro-typographical refinements (RS)

(D:\Latex\MikTex\tex/latex/graphics\keyval.sty
Package: keyval 2014/10/28 v1.15 key=value parser (DPC)
\KV@toks@=\toks26
)
\MT@toks=\toks27
\MT@count=\count306
LaTeX Info: Redefining \textls on input line 790.
\MT@outer@kern=\dimen184
LaTeX Info: Redefining \textmicrotypecontext on input line 1374.
\MT@listname@count=\count307

(D:\Latex\MikTex\tex/latex/microtype\microtype-pdftex.def
File: microtype-pdftex.def 2021/03/14 v2.8c Definitions specific to pdftex (RS)

LaTeX Info: Redefining \lsstyle on input line 915.
LaTeX Info: Redefining \lslig on input line 915.
\MT@outer@space=\skip191
)
Package microtype Info: Loading configuration file microtype.cfg.

(D:\Latex\MikTex\tex/latex/microtype\microtype.cfg
File: microtype.cfg 2021/03/14 v2.8c microtype main configuration file (RS)
))
(D:\Latex\MikTex\tex/latex/placeins\placeins.sty
Package: placeins 2005/04/18  v 2.2
)
(D:\Latex\MikTex\tex/latex/xcolor\xcolor.sty
Package: xcolor 2016/05/11 v2.12 LaTeX color extensions (UK)

(D:\Latex\MikTex\tex/latex/graphics-cfg\color.cfg
File: color.cfg 2016/01/02 v1.6 sample color configuration
)
Package xcolor Info: Driver file: pdftex.def on input line 225.

(D:\Latex\MikTex\tex/latex/graphics-def\pdftex.def
File: pdftex.def 2020/10/05 v1.2a Graphics/color driver for pdftex
)
(D:\Latex\MikTex\tex/latex/colortbl\colortbl.sty
Package: colortbl 2020/01/04 v1.0e Color table columns (DPC)
\everycr=\toks28
\minrowclearance=\skip192
)
\rownum=\count308
Package xcolor Info: Model `cmy' substituted by `cmy0' on input line 1348.
Package xcolor Info: Model `hsb' substituted by `rgb' on input line 1352.
Package xcolor Info: Model `RGB' extended on input line 1364.
Package xcolor Info: Model `HTML' substituted by `rgb' on input line 1366.
Package xcolor Info: Model `Hsb' substituted by `hsb' on input line 1367.
Package xcolor Info: Model `tHsb' substituted by `hsb' on input line 1368.
Package xcolor Info: Model `HSB' substituted by `hsb' on input line 1369.
Package xcolor Info: Model `Gray' substituted by `gray' on input line 1370.
Package xcolor Info: Model `wave' substituted by `hsb' on input line 1371.
)
(D:\Latex\MikTex\tex/latex/xtab\xtab.sty
Package: xtab 2011/07/31 v2.3f Extended supertabular package
\c@tracingst=\count309
\PWSTcapht=\dimen185
\ST@wd=\dimen186
\ST@rightskip=\skip193
\ST@leftskip=\skip194
\ST@parfillskip=\skip195
\c@PWSTtable=\count310
\PWSTlastpage=\count311
\PWSTpenultimate=\count312
\PWSTcurpage=\count313
\PWSTtempc=\count314
\PWSTlines=\count315
\PWST@lastht=\dimen187
\PWST@generalht=\dimen188
\PWST@ht=\dimen189
\ST@pageleft=\dimen190
\ST@headht=\dimen191
\ST@tailht=\dimen192
\ST@pagesofar=\dimen193
\ST@pboxht=\dimen194
\ST@lineht=\dimen195
\ST@stretchht=\dimen196
\ST@prevht=\dimen197
\ST@toadd=\dimen198
\ST@dimen=\dimen199
\ST@pbox=\box52
)
(D:\Latex\MikTex\tex/latex/multirow\multirow.sty
Package: multirow 2021/03/15 v2.8 Span multiple rows of a table
\multirow@colwidth=\skip196
\multirow@cntb=\count316
\multirow@dima=\skip197
\bigstrutjot=\dimen256
)
(D:\Latex\MikTex\tex/latex/graphics\graphicx.sty
Package: graphicx 2020/09/09 v1.2b Enhanced LaTeX Graphics (DPC,SPQR)

(D:\Latex\MikTex\tex/latex/graphics\graphics.sty
Package: graphics 2020/08/30 v1.4c Standard LaTeX Graphics (DPC,SPQR)

(D:\Latex\MikTex\tex/latex/graphics\trig.sty
Package: trig 2016/01/03 v1.10 sin cos tan (DPC)
)
(D:\Latex\MikTex\tex/latex/graphics-cfg\graphics.cfg
File: graphics.cfg 2016/06/04 v1.11 sample graphics configuration
)
Package graphics Info: Driver file: pdftex.def on input line 105.
)
\Gin@req@height=\dimen257
\Gin@req@width=\dimen258
)
(D:\Latex\MikTex\tex/latex/amsmath\amsmath.sty
Package: amsmath 2020/09/23 v2.17i AMS math features
\@mathmargin=\skip198

For additional information on amsmath, use the `?' option.
(D:\Latex\MikTex\tex/latex/amsmath\amstext.sty
Package: amstext 2000/06/29 v2.01 AMS text

(D:\Latex\MikTex\tex/latex/amsmath\amsgen.sty
File: amsgen.sty 1999/11/30 v2.0 generic functions
\@emptytoks=\toks29
\ex@=\dimen259
))
(D:\Latex\MikTex\tex/latex/amsmath\amsbsy.sty
Package: amsbsy 1999/11/29 v1.2d Bold Symbols
\pmbraise@=\dimen260
)
(D:\Latex\MikTex\tex/latex/amsmath\amsopn.sty
Package: amsopn 2016/03/08 v2.02 operator names
)
\inf@bad=\count317
LaTeX Info: Redefining \frac on input line 234.
\uproot@=\count318
\leftroot@=\count319
LaTeX Info: Redefining \overline on input line 399.
\classnum@=\count320
\DOTSCASE@=\count321
LaTeX Info: Redefining \ldots on input line 496.
LaTeX Info: Redefining \dots on input line 499.
LaTeX Info: Redefining \cdots on input line 620.
\Mathstrutbox@=\box53
\strutbox@=\box54
\big@size=\dimen261
LaTeX Font Info:    Redeclaring font encoding OML on input line 743.
LaTeX Font Info:    Redeclaring font encoding OMS on input line 744.
\macc@depth=\count322
\c@MaxMatrixCols=\count323
\dotsspace@=\muskip16
\c@parentequation=\count324
\dspbrk@lvl=\count325
\tag@help=\toks30
\row@=\count326
\column@=\count327
\maxfields@=\count328
\andhelp@=\toks31
\eqnshift@=\dimen262
\alignsep@=\dimen263
\tagshift@=\dimen264
\tagwidth@=\dimen265
\totwidth@=\dimen266
\lineht@=\dimen267
\@envbody=\toks32
\multlinegap=\skip199
\multlinetaggap=\skip256
\mathdisplay@stack=\toks33
LaTeX Info: Redefining \[ on input line 2923.
LaTeX Info: Redefining \] on input line 2924.
)
(D:\Latex\MikTex\tex/latex/hyperref\hyperref.sty
Package: hyperref 2021-02-10 v7.00j Hypertext links for LaTeX

(D:\Latex\MikTex\tex/generic/ltxcmds\ltxcmds.sty
Package: ltxcmds 2020-05-10 v1.25 LaTeX kernel commands for general use (HO)
)
(D:\Latex\MikTex\tex/generic/pdftexcmds\pdftexcmds.sty
Package: pdftexcmds 2020-06-27 v0.33 Utility functions of pdfTeX for LuaTeX (HO
)

(D:\Latex\MikTex\tex/generic/infwarerr\infwarerr.sty
Package: infwarerr 2019/12/03 v1.5 Providing info/warning/error messages (HO)
)
Package pdftexcmds Info: \pdf@primitive is available.
Package pdftexcmds Info: \pdf@ifprimitive is available.
Package pdftexcmds Info: \pdfdraftmode found.
)
(D:\Latex\MikTex\tex/generic/kvsetkeys\kvsetkeys.sty
Package: kvsetkeys 2019/12/15 v1.18 Key value parser (HO)
)
(D:\Latex\MikTex\tex/generic/kvdefinekeys\kvdefinekeys.sty
Package: kvdefinekeys 2019-12-19 v1.6 Define keys (HO)
)
(D:\Latex\MikTex\tex/generic/pdfescape\pdfescape.sty
Package: pdfescape 2019/12/09 v1.15 Implements pdfTeX's escape features (HO)
)
(D:\Latex\MikTex\tex/latex/hycolor\hycolor.sty
Package: hycolor 2020-01-27 v1.10 Color options for hyperref/bookmark (HO)
)
(D:\Latex\MikTex\tex/latex/letltxmacro\letltxmacro.sty
Package: letltxmacro 2019/12/03 v1.6 Let assignment for LaTeX macros (HO)
)
(D:\Latex\MikTex\tex/latex/auxhook\auxhook.sty
Package: auxhook 2019-12-17 v1.6 Hooks for auxiliary files (HO)
)
(D:\Latex\MikTex\tex/latex/kvoptions\kvoptions.sty
Package: kvoptions 2020-10-07 v3.14 Key value format for package options (HO)
)
\@linkdim=\dimen268
\Hy@linkcounter=\count329
\Hy@pagecounter=\count330

(D:\Latex\MikTex\tex/latex/hyperref\pd1enc.def
File: pd1enc.def 2021-02-10 v7.00j Hyperref: PDFDocEncoding definition (HO)
Now handling font encoding PD1 ...
... no UTF-8 mapping file for font encoding PD1
)
(D:\Latex\MikTex\tex/latex/hyperref\hyperref-langpatches.def
File: hyperref-langpatches.def 2021-02-10 v7.00j Hyperref: patches for babel la
nguages
)
(D:\Latex\MikTex\tex/generic/intcalc\intcalc.sty
Package: intcalc 2019/12/15 v1.3 Expandable calculations with integers (HO)
)
(D:\Latex\MikTex\tex/generic/etexcmds\etexcmds.sty
Package: etexcmds 2019/12/15 v1.7 Avoid name clashes with e-TeX commands (HO)
)
\Hy@SavedSpaceFactor=\count331

(D:\Latex\MikTex\tex/latex/hyperref\puenc.def
File: puenc.def 2021-02-10 v7.00j Hyperref: PDF Unicode definition (HO)
Now handling font encoding PU ...
... no UTF-8 mapping file for font encoding PU
)
Package hyperref Info: Option `colorlinks' set `true' on input line 4073.
Package hyperref Info: Hyper figures OFF on input line 4192.
Package hyperref Info: Link nesting OFF on input line 4197.
Package hyperref Info: Hyper index ON on input line 4200.
Package hyperref Info: Plain pages OFF on input line 4207.
Package hyperref Info: Backreferencing OFF on input line 4212.
Package hyperref Info: Implicit mode ON; LaTeX internals redefined.
Package hyperref Info: Bookmarks ON on input line 4445.
\c@Hy@tempcnt=\count332

(D:\Latex\MikTex\tex/latex/url\url.sty
\Urlmuskip=\muskip17
Package: url 2013/09/16  ver 3.4  Verb mode for urls, etc.
)
LaTeX Info: Redefining \url on input line 4804.
\XeTeXLinkMargin=\dimen269

(D:\Latex\MikTex\tex/generic/bitset\bitset.sty
Package: bitset 2019/12/09 v1.3 Handle bit-vector datatype (HO)

(D:\Latex\MikTex\tex/generic/bigintcalc\bigintcalc.sty
Package: bigintcalc 2019/12/15 v1.5 Expandable calculations on big integers (HO
)
))
\Fld@menulength=\count333
\Field@Width=\dimen270
\Fld@charsize=\dimen271
Package hyperref Info: Hyper figures OFF on input line 6075.
Package hyperref Info: Link nesting OFF on input line 6080.
Package hyperref Info: Hyper index ON on input line 6083.
Package hyperref Info: backreferencing OFF on input line 6090.
Package hyperref Info: Link coloring ON on input line 6093.
Package hyperref Info: Link coloring with OCG OFF on input line 6100.
Package hyperref Info: PDF/A mode OFF on input line 6105.
LaTeX Info: Redefining \ref on input line 6145.
LaTeX Info: Redefining \pageref on input line 6149.

(D:\Latex\MikTex\tex/latex/base\atbegshi-ltx.sty
Package: atbegshi-ltx 2020/08/17 v1.0a Emulation of the original atbegshi packa
ge
with kernel methods
)
\Hy@abspage=\count334
\c@Item=\count335
\c@Hfootnote=\count336
)
(D:\Latex\MikTex\tex/latex/memoir\memhfixc.sty
Package: memhfixc 2019/10/24 v1.18 nameref/hyperref package fixes for memoir cl
ass
\c@memhycontfloat=\count337
\c@Hpagenote=\count338
)
Package hyperref Info: Driver (autodetected): hpdftex.

(D:\Latex\MikTex\tex/latex/hyperref\hpdftex.def
File: hpdftex.def 2021-02-10 v7.00j Hyperref driver for pdfTeX

(D:\Latex\MikTex\tex/latex/base\atveryend-ltx.sty
Package: atveryend-ltx 2020/08/19 v1.0a Emulation of the original atvery packag
e
with kernel methods
)
\Fld@listcount=\count339
\c@bookmark@seq@number=\count340

(D:\Latex\MikTex\tex/latex/rerunfilecheck\rerunfilecheck.sty
Package: rerunfilecheck 2019/12/05 v1.9 Rerun checks for auxiliary files (HO)

(D:\Latex\MikTex\tex/generic/uniquecounter\uniquecounter.sty
Package: uniquecounter 2019/12/15 v1.4 Provide unlimited unique counter (HO)
)
Package uniquecounter Info: New unique counter `rerunfilecheck' on input line 2
86.
)
\Hy@SectionHShift=\skip257
)
LaTeX Font Info:    Trying to load font information for T1+lmr on input line 35
8.

(D:\Latex\MikTex\tex/latex/lm\t1lmr.fd
File: t1lmr.fd 2009/10/30 v1.6 Font defs for Latin Modern
)
(D:\Latex\MikTex\tex/latex/l3backend\l3backend-pdftex.def
File: l3backend-pdftex.def 2021-02-18 L3 backend support: PDF output (pdfTeX)
\l__color_backend_stack_int=\count341
\l__pdf_internal_box=\box55
) (memoria.aux
LaTeX Info: Redefining \. on input line 26.
LaTeX Info: Redefining \% on input line 26.
LaTeX Info: Redefining \. on input line 27.
LaTeX Info: Redefining \% on input line 27.

(tex/1_Introduccion.aux) (tex/2_Objetivos_del_proyecto.aux)
(tex/3_Conceptos_teoricos.aux) (tex/4_Tecnicas_y_herramientas.aux)
(tex/5_Aspectos_relevantes_del_desarrollo_del_proyecto.aux)
(tex/6_Trabajos_relacionados.aux)
(tex/7_Conclusiones_Lineas_de_trabajo_futuras.aux))
\openout1 = `memoria.aux'.

LaTeX Font Info:    Checking defaults for OML/cmm/m/it on input line 358.
LaTeX Font Info:    ... okay on input line 358.
LaTeX Font Info:    Checking defaults for OMS/cmsy/m/n on input line 358.
LaTeX Font Info:    ... okay on input line 358.
LaTeX Font Info:    Checking defaults for OT1/cmr/m/n on input line 358.
LaTeX Font Info:    ... okay on input line 358.
LaTeX Font Info:    Checking defaults for T1/cmr/m/n on input line 358.
LaTeX Font Info:    ... okay on input line 358.
LaTeX Font Info:    Checking defaults for TS1/cmr/m/n on input line 358.
LaTeX Font Info:    ... okay on input line 358.
LaTeX Font Info:    Checking defaults for OMX/cmex/m/n on input line 358.
LaTeX Font Info:    ... okay on input line 358.
LaTeX Font Info:    Checking defaults for U/cmr/m/n on input line 358.
LaTeX Font Info:    ... okay on input line 358.
LaTeX Font Info:    Checking defaults for PD1/pdf/m/n on input line 358.
LaTeX Font Info:    ... okay on input line 358.
LaTeX Font Info:    Checking defaults for PU/pdf/m/n on input line 358.
LaTeX Font Info:    ... okay on input line 358.
LaTeX Info: Redefining \. on input line 358.
LaTeX Info: Redefining \% on input line 358.
LaTeX Info: Redefining \microtypecontext on input line 358.
Package microtype Info: Generating PDF output.
Package microtype Info: Character protrusion enabled (level 2).
Package microtype Info: Using default protrusion set `alltext'.
Package microtype Info: Automatic font expansion enabled (level 2),
(microtype)             stretch: 20, shrink: 20, step: 1, non-selected.
Package microtype Info: Using default expansion set `alltext-nott'.
LaTeX Info: Redefining \showhyphens on input line 358.
Package microtype Info: No adjustment of tracking.
Package microtype Info: No adjustment of interword spacing.
Package microtype Info: No adjustment of character kerning.

(D:\Latex\MikTex\tex/latex/microtype\mt-cmr.cfg
File: mt-cmr.cfg 2013/05/19 v2.2 microtype config. file: Computer Modern Roman 
(RS)
)
(D:\Latex\MikTex\tex/context/base/mkii\supp-pdf.mkii
[Loading MPS to PDF converter (version 2006.09.02).]
\scratchcounter=\count342
\scratchdimen=\dimen272
\scratchbox=\box56
\nofMPsegments=\count343
\nofMParguments=\count344
\everyMPshowfont=\toks34
\MPscratchCnt=\count345
\MPscratchDim=\dimen273
\MPnumerator=\count346
\makeMPintoPDFobject=\count347
\everyMPtoPDFconversion=\toks35
) (D:\Latex\MikTex\tex/latex/epstopdf-pkg\epstopdf-base.sty
Package: epstopdf-base 2020-01-24 v2.11 Base part for package epstopdf
Package epstopdf-base Info: Redefining graphics rule for `.eps' on input line 4
85.
)
Package hyperref Info: Link coloring ON on input line 358.

(D:\Latex\MikTex\tex/latex/hyperref\nameref.sty
Package: nameref 2021-04-02 v2.47 Cross-referencing by name of section

(D:\Latex\MikTex\tex/latex/refcount\refcount.sty
Package: refcount 2019/12/15 v3.6 Data extraction from label references (HO)
)
(D:\Latex\MikTex\tex/generic/gettitlestring\gettitlestring.sty
Package: gettitlestring 2019/12/15 v1.6 Cleanup title references (HO)
)
\c@section@level=\count348
)
Redoing nameref's sectioning
Redoing nameref's label
LaTeX Info: Redefining \nameref on input line 358.
LaTeX Info: Redefining \ref on input line 358.
LaTeX Info: Redefining \pageref on input line 358.
LaTeX Info: Redefining \nameref on input line 358.
(memoria.out) (memoria.out)
\@outlinefile=\write4
\openout4 = `memoria.out'.

<./img//cabecera.pdf, id=135, 617.67549pt x 135.51413pt>
File: ./img//cabecera.pdf Graphic file (type pdf)
<use ./img//cabecera.pdf>
Package pdftex.def Info: ./img//cabecera.pdf  used on input line 360.
(pdftex.def)             Requested size: 383.0pt x 84.02823pt.
LaTeX Font Info:    Trying to load font information for OT1+lmr on input line 3
60.
 (D:\Latex\MikTex\tex/latex/lm\ot1lmr.fd
File: ot1lmr.fd 2009/10/30 v1.6 Font defs for Latin Modern
)
LaTeX Font Info:    Trying to load font information for OML+lmm on input line 3
60.

(D:\Latex\MikTex\tex/latex/lm\omllmm.fd
File: omllmm.fd 2009/10/30 v1.6 Font defs for Latin Modern
)
LaTeX Font Info:    Trying to load font information for OMS+lmsy on input line 
360.

(D:\Latex\MikTex\tex/latex/lm\omslmsy.fd
File: omslmsy.fd 2009/10/30 v1.6 Font defs for Latin Modern
)
LaTeX Font Info:    Trying to load font information for OMX+lmex on input line 
360.

(D:\Latex\MikTex\tex/latex/lm\omxlmex.fd
File: omxlmex.fd 2009/10/30 v1.6 Font defs for Latin Modern
)
LaTeX Font Info:    External font `lmex10' loaded for size
(Font)              <12> on input line 360.
LaTeX Font Info:    External font `lmex10' loaded for size
(Font)              <8> on input line 360.
LaTeX Font Info:    External font `lmex10' loaded for size
(Font)              <6> on input line 360.
<./img//escudoInfor.pdf, id=136, 618.11432pt x 737.07487pt>
File: ./img//escudoInfor.pdf Graphic file (type pdf)
<use ./img//escudoInfor.pdf>
Package pdftex.def Info: ./img//escudoInfor.pdf  used on input line 360.
(pdftex.def)             Requested size: 76.59883pt x 91.3356pt.

Overfull \hbox (27.54143pt too wide) in paragraph at lines 360--360
[][][][][][][] $[]$ 
 []

[1

{C:/Users/marco/AppData/Local/MiKTeX/pdftex/config/pdftex.map} <./img//cabecera
.pdf> <./img//escudoInfor.pdf

pdfTeX warning: pdflatex (file ./img//escudoInfor.pdf): PDF inclusion: multiple
 pdfs with page group included in a single page
>] [2

] [3]
File: ./img//cabecera.pdf Graphic file (type pdf)
<use ./img//cabecera.pdf>
Package pdftex.def Info: ./img//cabecera.pdf  used on input line 370.
(pdftex.def)             Requested size: 383.0pt x 84.02823pt.
LaTeX Font Info:    Trying to load font information for TS1+lmr on input line 3
89.
 (D:\Latex\MikTex\tex/latex/lm\ts1lmr.fd
File: ts1lmr.fd 2009/10/30 v1.6 Font defs for Latin Modern
) [4] [5] [6

]
Package microtype Info: Character `029' is missing
(microtype)             in font `T1/lmr/m/sc/12'.
(microtype)             Ignoring protrusion settings for this character.
 [1] [2

]
LaTeX Font Info:    Trying to load font information for T1+lmss on input line 4
51.

(D:\Latex\MikTex\tex/latex/lm\t1lmss.fd
File: t1lmss.fd 2009/10/30 v1.6 Font defs for Latin Modern
)
Package microtype Info: Loading generic protrusion settings for font family
(microtype)             `lmss' (encoding: T1).
(microtype)             For optimal results, create family-specific settings.
(microtype)             See the microtype manual for details.
 (memoria.toc
LaTeX Info: Redefining \. on input line 1.
LaTeX Info: Redefining \% on input line 1.
LaTeX Info: Redefining \. on input line 2.
LaTeX Info: Redefining \% on input line 2.


LaTeX Font Warning: Font shape `T1/lmr/bx/sc' undefined
(Font)              using `T1/lmr/bx/n' instead on input line 3.


Overfull \hbox (0.16273pt too wide) detected at line 5
 []
 []

[3

])
LaTeX Info: Redefining \. on input line 452.
LaTeX Info: Redefining \% on input line 452.


Class memoir Warning: The material used in the headers is too large
(15.35403pt) for the given head height (14.5pt), it is recommended to
either increase the head height or redesign the header
(in both cases you will find help in the memoir manual). on input line 452.


Overfull \vbox (0.85403pt too high) has occurred while \output is active []


[4] (memoria.lof
LaTeX Info: Redefining \. on input line 1.
LaTeX Info: Redefining \% on input line 1.
LaTeX Info: Redefining \. on input line 2.
LaTeX Info: Redefining \% on input line 2.

Underfull \vbox (badness 10000) has occurred while \output is active []

 [5

]
LaTeX Info: Redefining \. on input line 53.
LaTeX Info: Redefining \% on input line 53.

Overfull \vbox (0.85403pt too high) has occurred while \output is active []


[6])
LaTeX Info: Redefining \. on input line 456.
LaTeX Info: Redefining \% on input line 456.

Overfull \vbox (0.85403pt too high) has occurred while \output is active []


[7] (memoria.lot
LaTeX Info: Redefining \. on input line 1.
LaTeX Info: Redefining \% on input line 1.
LaTeX Info: Redefining \. on input line 2.
LaTeX Info: Redefining \% on input line 2.
) [8

]
\openout2 = `./tex/1_Introduccion.aux'.

 (tex/1_Introduccion.texpdfTeX warning (ext4): destination with the same identi
fier (name{page.1}) has been already used, duplicate ignored
<to be read again> 
                   \relax 
l.17 L
      os anexos (el documento de diseño de juego estará redactado en los a...
[1




]
LaTeX Font Info:    Trying to load font information for T1+lmtt on input line 2
6.
 (D:\Latex\MikTex\tex/latex/lm\t1lmtt.fd
File: t1lmtt.fd 2009/10/30 v1.6 Font defs for Latin Modern
)
Package microtype Info: Loading generic protrusion settings for font family
(microtype)             `lmtt' (encoding: T1).
(microtype)             For optimal results, create family-specific settings.
(microtype)             See the microtype manual for details.
LaTeX Info: Redefining \. on input line 51.
LaTeX Info: Redefining \% on input line 51.
pdfTeX warning (ext4): destination with the same identifier (name{page.2}) has 
been already used, duplicate ignored
<to be read again> 
                   \relax 
l.51 \textbf
            {Plan de proyecto software:} Planificación temporal del desarro...
[2])
LaTeX Info: Redefining \. on input line 462.
LaTeX Info: Redefining \% on input line 462.
pdfTeX warning (ext4): destination with the same identifier (name{page.3}) has 
been already used, duplicate ignored
<to be read again> 
                   \relax 
l.462 \include{./tex/1_Introduccion}
                                     [3]
\openout2 = `./tex/2_Objetivos_del_proyecto.aux'.

 (tex/2_Objetivos_del_proyecto.texpdfTeX warning (ext4): destination with the s
ame identifier (name{page.4}) has been already used, duplicate ignored
<to be read again> 
                   \relax 
l.1 \capitulo{2}{Objetivos del proyecto}
                                         [4




])pdfTeX warning (ext4): destination with the same identifier (name{page.5}) ha
s been already used, duplicate ignored
<to be read again> 
                   \relax 
l.463 \include{./tex/2_Objetivos_del_proyecto}
                                               [5]
\openout2 = `./tex/3_Conceptos_teoricos.aux'.


(tex/3_Conceptos_teoricos.texpdfTeX warning (ext4): destination with the same i
dentifier (name{page.6}) has been already used, duplicate ignored
<to be read again> 
                   \relax 
l.1 \capitulo{3}{Conceptos teóricos}
                                      [6




]

Package hyperref Warning: Token not allowed in a PDF string (Unicode):
(hyperref)                removing `\@ifnextchar' on input line 3.

[7]
Underfull \hbox (badness 10000) in paragraph at lines 19--20

 []


Underfull \hbox (badness 10000) in paragraph at lines 28--29

 []

LaTeX Info: Redefining \. on input line 31.
LaTeX Info: Redefining \% on input line 31.
[8]
LaTeX Info: Redefining \. on input line 68.
LaTeX Info: Redefining \% on input line 68.


LaTeX Warning: Citation `UNITY' on page 9 undefined on input line 68.

[9]
Underfull \vbox (badness 10000) has occurred while \output is active []

LaTeX Info: Redefining \. on input line 76.
LaTeX Info: Redefining \% on input line 76.
 [10])
LaTeX Info: Redefining \. on input line 464.
LaTeX Info: Redefining \% on input line 464.


LaTeX Warning: Citation `UNITY' on page 11 undefined on input line 464.

[11]
LaTeX Info: Redefining \. on input line 464.
LaTeX Info: Redefining \% on input line 464.
 [12]
\openout2 = `./tex/4_Tecnicas_y_herramientas.aux'.

 (tex/4_Tecnicas_y_herramientas.tex [13




])
LaTeX Info: Redefining \. on input line 465.
LaTeX Info: Redefining \% on input line 465.
 [14]
\openout2 = `./tex/5_Aspectos_relevantes_del_desarrollo_del_proyecto.aux'.


(tex/5_Aspectos_relevantes_del_desarrollo_del_proyecto.tex [15




]
<./img//Memoria/Aspectos_relevantes/Arquitectura_Player/Jerarqui_herencia_Playe
rController.png, id=802, 380.92313pt x 377.15906pt>
File: ./img//Memoria/Aspectos_relevantes/Arquitectura_Player/Jerarqui_herencia_
PlayerController.png Graphic file (type png)
<use ./img//Memoria/Aspectos_relevantes/Arquitectura_Player/Jerarqui_herencia_P
layerController.png>
Package pdftex.def Info: ./img//Memoria/Aspectos_relevantes/Arquitectura_Player
/Jerarqui_herencia_PlayerController.png  used on input line 11.
(pdftex.def)             Requested size: 266.64436pt x 264.00954pt.

Underfull \vbox (badness 4316) has occurred while \output is active []

LaTeX Info: Redefining \. on input line 26.
LaTeX Info: Redefining \% on input line 26.
 [16

 <./img//Memoria/Aspectos_relevantes/Arquitectura_Player/Jerarqui_herencia_Play
erController.png>]
<./img//Memoria/Aspectos_relevantes/Arquitectura_Player/Diagrama_de_estados.png
, id=808, 426.84468pt x 264.99pt>
File: ./img//Memoria/Aspectos_relevantes/Arquitectura_Player/Diagrama_de_estado
s.png Graphic file (type png)
<use ./img//Memoria/Aspectos_relevantes/Arquitectura_Player/Diagrama_de_estados
.png>
Package pdftex.def Info: ./img//Memoria/Aspectos_relevantes/Arquitectura_Player
/Diagrama_de_estados.png  used on input line 31.
(pdftex.def)             Requested size: 298.78925pt x 185.49173pt.
LaTeX Info: Redefining \. on input line 40.
LaTeX Info: Redefining \% on input line 40.
 [17 <./img//Memoria/Aspectos_relevantes/Arquitectura_Player/Diagrama_de_estado
s.png>]
LaTeX Info: Redefining \. on input line 49.
LaTeX Info: Redefining \% on input line 49.
 [18]
<./img//Memoria/Aspectos_relevantes/Arquitectura_Player/Estados_Player.png, id=
820, 472.76625pt x 100.12407pt>
File: ./img//Memoria/Aspectos_relevantes/Arquitectura_Player/Estados_Player.png
 Graphic file (type png)
<use ./img//Memoria/Aspectos_relevantes/Arquitectura_Player/Estados_Player.png>

Package pdftex.def Info: ./img//Memoria/Aspectos_relevantes/Arquitectura_Player
/Estados_Player.png  used on input line 53.
(pdftex.def)             Requested size: 472.76509pt x 100.12381pt.

Overfull \hbox (89.76509pt too wide) in paragraph at lines 53--54
 [][] 
 []

<./img//Memoria/Aspectos_relevantes/Arquitectura_Player/Codigo_cambio_estado.pn
g, id=821, 266.1945pt x 113.223pt>
File: ./img//Memoria/Aspectos_relevantes/Arquitectura_Player/Codigo_cambio_esta
do.png Graphic file (type png)
<use ./img//Memoria/Aspectos_relevantes/Arquitectura_Player/Codigo_cambio_estad
o.png>
Package pdftex.def Info: ./img//Memoria/Aspectos_relevantes/Arquitectura_Player
/Codigo_cambio_estado.png  used on input line 63.
(pdftex.def)             Requested size: 266.19385pt x 113.22272pt.

Underfull \vbox (badness 1178) has occurred while \output is active []

LaTeX Info: Redefining \. on input line 69.
LaTeX Info: Redefining \% on input line 69.
 [19 <./img//Memoria/Aspectos_relevantes/Arquitectura_Player/Estados_Player.png
> <./img//Memoria/Aspectos_relevantes/Arquitectura_Player/Codigo_cambio_estado.
png>]
<./img//Memoria/Aspectos_relevantes/Arquitectura_Player/PlayerMechanics.png, id
=829, 389.95688pt x 215.30438pt>
File: ./img//Memoria/Aspectos_relevantes/Arquitectura_Player/PlayerMechanics.pn
g Graphic file (type png)
<use ./img//Memoria/Aspectos_relevantes/Arquitectura_Player/PlayerMechanics.png
>
Package pdftex.def Info: ./img//Memoria/Aspectos_relevantes/Arquitectura_Player
/PlayerMechanics.png  used on input line 72.
(pdftex.def)             Requested size: 389.95592pt x 215.30385pt.

Overfull \hbox (6.95592pt too wide) in paragraph at lines 72--73
 [][] 
 []

LaTeX Info: Redefining \. on input line 78.
LaTeX Info: Redefining \% on input line 78.
[20 <./img//Memoria/Aspectos_relevantes/Arquitectura_Player/PlayerMechanics.png
>]
LaTeX Info: Redefining \. on input line 90.
LaTeX Info: Redefining \% on input line 90.
 [21]
<./img//Memoria/Aspectos_relevantes/Sistema_Colisiones/Detección_colisiones.pn
g, id=841, 307.90031pt x 243.91125pt>
File: ./img//Memoria/Aspectos_relevantes/Sistema_Colisiones/Detección_colision
es.png Graphic file (type png)
<use ./img//Memoria/Aspectos_relevantes/Sistema_Colisiones/Detección_colisione
s.png>
Package pdftex.def Info: ./img//Memoria/Aspectos_relevantes/Sistema_Colisiones/
Detección_colisiones.png  used on input line 93.
(pdftex.def)             Requested size: 307.89955pt x 243.91064pt.
LaTeX Info: Redefining \. on input line 103.
LaTeX Info: Redefining \% on input line 103.
 [22

 <./img//Memoria/Aspectos_relevantes/Sistema_Colisiones/Detección_colisiones.p
ng>]
<./img//Memoria/Aspectos_relevantes/Sistema_Colisiones/Vector_normal.png, id=84
7, 426.84468pt x 179.92218pt>
File: ./img//Memoria/Aspectos_relevantes/Sistema_Colisiones/Vector_normal.png G
raphic file (type png)
<use ./img//Memoria/Aspectos_relevantes/Sistema_Colisiones/Vector_normal.png>
Package pdftex.def Info: ./img//Memoria/Aspectos_relevantes/Sistema_Colisiones/
Vector_normal.png  used on input line 106.
(pdftex.def)             Requested size: 426.84364pt x 179.92174pt.

Overfull \hbox (43.84364pt too wide) in paragraph at lines 106--107
 [][] 
 []

<./img//Memoria/Aspectos_relevantes/Sistema_Colisiones/KinematicObjectCollision
Manager_UML.png, id=848, 339.51843pt x 67.75313pt>
File: ./img//Memoria/Aspectos_relevantes/Sistema_Colisiones/KinematicObjectColl
isionManager_UML.png Graphic file (type png)
<use ./img//Memoria/Aspectos_relevantes/Sistema_Colisiones/KinematicObjectColli
sionManager_UML.png>
Package pdftex.def Info: ./img//Memoria/Aspectos_relevantes/Sistema_Colisiones/
KinematicObjectCollisionManager_UML.png  used on input line 114.
(pdftex.def)             Requested size: 339.5176pt x 67.75294pt.
<./img//Memoria/Aspectos_relevantes/Modificaciones_gravitatorias/KinematicObjec
tGravityManager_UML.png, id=849, 426.84468pt x 85.06781pt>
File: ./img//Memoria/Aspectos_relevantes/Modificaciones_gravitatorias/Kinematic
ObjectGravityManager_UML.png Graphic file (type png)
<use ./img//Memoria/Aspectos_relevantes/Modificaciones_gravitatorias/KinematicO
bjectGravityManager_UML.png>
Package pdftex.def Info: ./img//Memoria/Aspectos_relevantes/Modificaciones_grav
itatorias/KinematicObjectGravityManager_UML.png  used on input line 125.
(pdftex.def)             Requested size: 426.84364pt x 85.0676pt.

Overfull \hbox (43.84364pt too wide) in paragraph at lines 125--126
 [][] 
 []


LaTeX Warning: `h' float specifier changed to `ht'.

LaTeX Info: Redefining \. on input line 130.
LaTeX Info: Redefining \% on input line 130.

Class memoir Warning: The material used in the headers is too large
(29.85403pt) for the given head height (14.5pt), it is recommended to
either increase the head height or redesign the header
(in both cases you will find help in the memoir manual). on input line 130.


Overfull \vbox (15.35403pt too high) has occurred while \output is active []


[23

 <./img//Memoria/Aspectos_relevantes/Sistema_Colisiones/Vector_normal.png> <./i
mg//Memoria/Aspectos_relevantes/Sistema_Colisiones/KinematicObjectCollisionMana
ger_UML.png>]
<./img//Memoria/Aspectos_relevantes/Modificaciones_gravitatorias/Pseudocodigo_m
odificadores_gravedad.png, id=857, 410.2828pt x 216.05719pt>
File: ./img//Memoria/Aspectos_relevantes/Modificaciones_gravitatorias/Pseudocod
igo_modificadores_gravedad.png Graphic file (type png)
<use ./img//Memoria/Aspectos_relevantes/Modificaciones_gravitatorias/Pseudocodi
go_modificadores_gravedad.png>
Package pdftex.def Info: ./img//Memoria/Aspectos_relevantes/Modificaciones_grav
itatorias/Pseudocodigo_modificadores_gravedad.png  used on input line 133.
(pdftex.def)             Requested size: 410.2818pt x 216.05664pt.

Overfull \hbox (27.2818pt too wide) in paragraph at lines 133--134
 [][] 
 []

LaTeX Info: Redefining \. on input line 139.
LaTeX Info: Redefining \% on input line 139.
[24 <./img//Memoria/Aspectos_relevantes/Modificaciones_gravitatorias/KinematicO
bjectGravityManager_UML.png> <./img//Memoria/Aspectos_relevantes/Modificaciones
_gravitatorias/Pseudocodigo_modificadores_gravedad.png>]
<./img//Memoria/Aspectos_relevantes/Modificaciones_gravitatorias/GameObject_obs
táculo_superdenso.png, id=864, 414.79968pt x 81.30376pt>
File: ./img//Memoria/Aspectos_relevantes/Modificaciones_gravitatorias/GameObjec
t_obstáculo_superdenso.png Graphic file (type png)
<use ./img//Memoria/Aspectos_relevantes/Modificaciones_gravitatorias/GameObject
_obstáculo_superdenso.png>
Package pdftex.def Info: ./img//Memoria/Aspectos_relevantes/Modificaciones_grav
itatorias/GameObject_obstáculo_superdenso.png  used on input line 144.
(pdftex.def)             Requested size: 414.79868pt x 81.30354pt.

Overfull \hbox (31.79868pt too wide) in paragraph at lines 144--145
 [][] 
 []

<./img//Memoria/Aspectos_relevantes/Modificaciones_gravitatorias/Grafica_obstac
ulo_superdenso.png, id=865, 426.84468pt x 176.91093pt>
File: ./img//Memoria/Aspectos_relevantes/Modificaciones_gravitatorias/Grafica_o
bstaculo_superdenso.png Graphic file (type png)
<use ./img//Memoria/Aspectos_relevantes/Modificaciones_gravitatorias/Grafica_ob
staculo_superdenso.png>
Package pdftex.def Info: ./img//Memoria/Aspectos_relevantes/Modificaciones_grav
itatorias/Grafica_obstaculo_superdenso.png  used on input line 154.
(pdftex.def)             Requested size: 256.10878pt x 106.14737pt.
LaTeX Info: Redefining \. on input line 157.
LaTeX Info: Redefining \% on input line 157.

Overfull \vbox (15.35403pt too high) has occurred while \output is active []


[25 <./img//Memoria/Aspectos_relevantes/Modificaciones_gravitatorias/GameObject
_obstáculo_superdenso.png> <./img//Memoria/Aspectos_relevantes/Modificaciones_
gravitatorias/Grafica_obstaculo_superdenso.png>]
<./img//Memoria/Aspectos_relevantes/Modificaciones_gravitatorias/Inversor_grave
dad_UML.png, id=873, 426.84468pt x 61.73062pt>
File: ./img//Memoria/Aspectos_relevantes/Modificaciones_gravitatorias/Inversor_
gravedad_UML.png Graphic file (type png)
<use ./img//Memoria/Aspectos_relevantes/Modificaciones_gravitatorias/Inversor_g
ravedad_UML.png>
Package pdftex.def Info: ./img//Memoria/Aspectos_relevantes/Modificaciones_grav
itatorias/Inversor_gravedad_UML.png  used on input line 170.
(pdftex.def)             Requested size: 426.84364pt x 61.73045pt.

Overfull \hbox (43.84364pt too wide) in paragraph at lines 170--171
 [][] 
 []

<./img//Memoria/Aspectos_relevantes/Modificaciones_gravitatorias/Pseudocodigo_i
nversor_gravedad.png, id=874, 426.84468pt x 94.10156pt>
File: ./img//Memoria/Aspectos_relevantes/Modificaciones_gravitatorias/Pseudocod
igo_inversor_gravedad.png Graphic file (type png)
<use ./img//Memoria/Aspectos_relevantes/Modificaciones_gravitatorias/Pseudocodi
go_inversor_gravedad.png>
Package pdftex.def Info: ./img//Memoria/Aspectos_relevantes/Modificaciones_grav
itatorias/Pseudocodigo_inversor_gravedad.png  used on input line 176.
(pdftex.def)             Requested size: 426.84364pt x 94.10132pt.

Overfull \hbox (43.84364pt too wide) in paragraph at lines 176--177
 [][] 
 []

<./img//Memoria/Aspectos_relevantes/Modificaciones_gravitatorias/Pseudocodigo_i
nverion_gravedad.png, id=875, 426.84468pt x 113.67468pt>
File: ./img//Memoria/Aspectos_relevantes/Modificaciones_gravitatorias/Pseudocod
igo_inverion_gravedad.png Graphic file (type png)
<use ./img//Memoria/Aspectos_relevantes/Modificaciones_gravitatorias/Pseudocodi
go_inverion_gravedad.png>
Package pdftex.def Info: ./img//Memoria/Aspectos_relevantes/Modificaciones_grav
itatorias/Pseudocodigo_inverion_gravedad.png  used on input line 182.
(pdftex.def)             Requested size: 426.84364pt x 113.6744pt.

Overfull \hbox (43.84364pt too wide) in paragraph at lines 182--183
 [][] 
 []


LaTeX Warning: `h' float specifier changed to `ht'.

<./img//Memoria/Aspectos_relevantes/Modificaciones_gravitatorias/GravityInverte
r_UML.png, id=876, 292.09125pt x 136.25906pt>
File: ./img//Memoria/Aspectos_relevantes/Modificaciones_gravitatorias/GravityIn
verter_UML.png Graphic file (type png)
<use ./img//Memoria/Aspectos_relevantes/Modificaciones_gravitatorias/GravityInv
erter_UML.png>
Package pdftex.def Info: ./img//Memoria/Aspectos_relevantes/Modificaciones_grav
itatorias/GravityInverter_UML.png  used on input line 190.
(pdftex.def)             Requested size: 292.09052pt x 136.25871pt.
LaTeX Info: Redefining \. on input line 192.
LaTeX Info: Redefining \% on input line 192.
[26

 <./img//Memoria/Aspectos_relevantes/Modificaciones_gravitatorias/Inversor_grav
edad_UML.png> <./img//Memoria/Aspectos_relevantes/Modificaciones_gravitatorias/
Pseudocodigo_inversor_gravedad.png>]
<./img//Memoria/Aspectos_relevantes/Obstáculos/GameObject_obstaculo_estatico.p
ng, id=884, 414.79968pt x 100.87688pt>
File: ./img//Memoria/Aspectos_relevantes/Obstáculos/GameObject_obstaculo_estat
ico.png Graphic file (type png)
<use ./img//Memoria/Aspectos_relevantes/Obstáculos/GameObject_obstaculo_estati
co.png>
Package pdftex.def Info: ./img//Memoria/Aspectos_relevantes/Obstáculos/GameObj
ect_obstaculo_estatico.png  used on input line 202.
(pdftex.def)             Requested size: 414.79868pt x 100.87662pt.

Overfull \hbox (31.79868pt too wide) in paragraph at lines 202--203
 [][] 
 []


LaTeX Warning: `h' float specifier changed to `ht'.

LaTeX Info: Redefining \. on input line 207.
LaTeX Info: Redefining \% on input line 207.

Overfull \vbox (0.85403pt too high) has occurred while \output is active []


[27 <./img//Memoria/Aspectos_relevantes/Modificaciones_gravitatorias/Pseudocodi
go_inverion_gravedad.png> <./img//Memoria/Aspectos_relevantes/Modificaciones_gr
avitatorias/GravityInverter_UML.png>]
<./img//Memoria/Aspectos_relevantes/Obstáculos/Herencia_obstaculos.png, id=892
, 332.74312pt x 187.45032pt>
File: ./img//Memoria/Aspectos_relevantes/Obstáculos/Herencia_obstaculos.png Gr
aphic file (type png)
<use ./img//Memoria/Aspectos_relevantes/Obstáculos/Herencia_obstaculos.png>
Package pdftex.def Info: ./img//Memoria/Aspectos_relevantes/Obstáculos/Herenci
a_obstaculos.png  used on input line 212.
(pdftex.def)             Requested size: 332.7423pt x 187.44984pt.
<./img//Memoria/Aspectos_relevantes/Obstáculos/PatrolPath_UML.png, id=893, 426
.84468pt x 177.66376pt>
File: ./img//Memoria/Aspectos_relevantes/Obstáculos/PatrolPath_UML.png Graphic
 file (type png)
<use ./img//Memoria/Aspectos_relevantes/Obstáculos/PatrolPath_UML.png>
Package pdftex.def Info: ./img//Memoria/Aspectos_relevantes/Obstáculos/PatrolP
ath_UML.png  used on input line 223.
(pdftex.def)             Requested size: 426.84364pt x 177.66331pt.

Overfull \hbox (43.84364pt too wide) in paragraph at lines 223--224
 [][] 
 []

LaTeX Info: Redefining \. on input line 225.
LaTeX Info: Redefining \% on input line 225.
[28 <./img//Memoria/Aspectos_relevantes/Obstáculos/GameObject_obstaculo_estati
co.png> <./img//Memoria/Aspectos_relevantes/Obstáculos/Herencia_obstaculos.png
>]
<./img//Memoria/Aspectos_relevantes/Obstáculos/Pseudocodigo_asignar_duraciones
.png, id=901, 426.84468pt x 126.4725pt>
File: ./img//Memoria/Aspectos_relevantes/Obstáculos/Pseudocodigo_asignar_durac
iones.png Graphic file (type png)
<use ./img//Memoria/Aspectos_relevantes/Obstáculos/Pseudocodigo_asignar_duraci
ones.png>
Package pdftex.def Info: ./img//Memoria/Aspectos_relevantes/Obstáculos/Pseudoc
odigo_asignar_duraciones.png  used on input line 233.
(pdftex.def)             Requested size: 426.84364pt x 126.47218pt.

Overfull \hbox (43.84364pt too wide) in paragraph at lines 233--234
 [][] 
 []

LaTeX Info: Redefining \. on input line 237.
LaTeX Info: Redefining \% on input line 237.

Overfull \vbox (0.85403pt too high) has occurred while \output is active []


[29 <./img//Memoria/Aspectos_relevantes/Obstáculos/PatrolPath_UML.png> <./img/
/Memoria/Aspectos_relevantes/Obstáculos/Pseudocodigo_asignar_duraciones.png>]
<./img//Memoria/Aspectos_relevantes/Obstáculos/Diagrama_distancias_recorridas.
png, id=909, 426.84468pt x 268.00125pt>
File: ./img//Memoria/Aspectos_relevantes/Obstáculos/Diagrama_distancias_recorr
idas.png Graphic file (type png)
<use ./img//Memoria/Aspectos_relevantes/Obstáculos/Diagrama_distancias_recorri
das.png>
Package pdftex.def Info: ./img//Memoria/Aspectos_relevantes/Obstáculos/Diagram
a_distancias_recorridas.png  used on input line 240.
(pdftex.def)             Requested size: 426.84364pt x 268.00058pt.

Overfull \hbox (43.84364pt too wide) in paragraph at lines 240--241
 [][] 
 []

LaTeX Info: Redefining \. on input line 250.
LaTeX Info: Redefining \% on input line 250.
[30

 <./img//Memoria/Aspectos_relevantes/Obstáculos/Diagrama_distancias_recorridas
.png>]
<./img//Memoria/Aspectos_relevantes/Obstáculos/Pseudocodigo_siguiente_posicion
.png, id=915, 426.84468pt x 130.98938pt>
File: ./img//Memoria/Aspectos_relevantes/Obstáculos/Pseudocodigo_siguiente_pos
icion.png Graphic file (type png)
<use ./img//Memoria/Aspectos_relevantes/Obstáculos/Pseudocodigo_siguiente_posi
cion.png>
Package pdftex.def Info: ./img//Memoria/Aspectos_relevantes/Obstáculos/Pseudoc
odigo_siguiente_posicion.png  used on input line 253.
(pdftex.def)             Requested size: 426.84364pt x 130.98904pt.

Overfull \hbox (43.84364pt too wide) in paragraph at lines 253--254
 [][] 
 []


Overfull \hbox (38.04015pt too wide) in paragraph at lines 262--263
[]\T1/lmr/m/n/12 (-20) this.transform.position += (Vec-tor3) Vec-tor2.left * sp
eed * Ti-me.fixedDeltaTime; 
 []

<./img//Memoria/Aspectos_relevantes/Obstáculos/ObstacleFabric_UML.png, id=916,
 459.21562pt x 168.63pt>
File: ./img//Memoria/Aspectos_relevantes/Obstáculos/ObstacleFabric_UML.png Gra
phic file (type png)
<use ./img//Memoria/Aspectos_relevantes/Obstáculos/ObstacleFabric_UML.png>
Package pdftex.def Info: ./img//Memoria/Aspectos_relevantes/Obstáculos/Obstacl
eFabric_UML.png  used on input line 273.
(pdftex.def)             Requested size: 367.37299pt x 134.90417pt.

LaTeX Warning: `h' float specifier changed to `ht'.

LaTeX Info: Redefining \. on input line 278.
LaTeX Info: Redefining \% on input line 278.

Overfull \vbox (0.85403pt too high) has occurred while \output is active []


[31

 <./img//Memoria/Aspectos_relevantes/Obstáculos/Pseudocodigo_siguiente_posicio
n.png>]
<./img//Memoria/Aspectos_relevantes/Portales/Portales_UML.png, id=924, 166.3715
7pt x 126.4725pt>
File: ./img//Memoria/Aspectos_relevantes/Portales/Portales_UML.png Graphic file
 (type png)
<use ./img//Memoria/Aspectos_relevantes/Portales/Portales_UML.png>
Package pdftex.def Info: ./img//Memoria/Aspectos_relevantes/Portales/Portales_U
ML.png  used on input line 288.
(pdftex.def)             Requested size: 166.37114pt x 126.47218pt.


LaTeX Warning: `h' float specifier changed to `ht'.

<./img//Memoria/Aspectos_relevantes/Portales/Couple_portals.png, id=925, 191.21
437pt x 104.64093pt>
File: ./img//Memoria/Aspectos_relevantes/Portales/Couple_portals.png Graphic fi
le (type png)
<use ./img//Memoria/Aspectos_relevantes/Portales/Couple_portals.png>
Package pdftex.def Info: ./img//Memoria/Aspectos_relevantes/Portales/Couple_por
tals.png  used on input line 296.
(pdftex.def)             Requested size: 191.2139pt x 104.64066pt.
LaTeX Info: Redefining \. on input line 298.
LaTeX Info: Redefining \% on input line 298.
[32 <./img//Memoria/Aspectos_relevantes/Obstáculos/ObstacleFabric_UML.png>]
LaTeX Info: Redefining \. on input line 304.
LaTeX Info: Redefining \% on input line 304.

[33 <./img//Memoria/Aspectos_relevantes/Portales/Portales_UML.png> <./img//Memo
ria/Aspectos_relevantes/Portales/Couple_portals.png>]
<./img//Memoria/Aspectos_relevantes/Creadores_impulso/Creadores_impulso_UML.png
, id=938, 482.55281pt x 226.59656pt>
File: ./img//Memoria/Aspectos_relevantes/Creadores_impulso/Creadores_impulso_UM
L.png Graphic file (type png)
<use ./img//Memoria/Aspectos_relevantes/Creadores_impulso/Creadores_impulso_UML
.png>
Package pdftex.def Info: ./img//Memoria/Aspectos_relevantes/Creadores_impulso/C
readores_impulso_UML.png  used on input line 307.
(pdftex.def)             Requested size: 386.04276pt x 181.27748pt.

Overfull \hbox (3.04276pt too wide) in paragraph at lines 307--308
[][] 
 []

<./img//Memoria/Aspectos_relevantes/Creadores_impulso/Particula_impulso.png, id
=939, 286.82156pt x 39.14626pt>
File: ./img//Memoria/Aspectos_relevantes/Creadores_impulso/Particula_impulso.pn
g Graphic file (type png)
<use ./img//Memoria/Aspectos_relevantes/Creadores_impulso/Particula_impulso.png
>
Package pdftex.def Info: ./img//Memoria/Aspectos_relevantes/Creadores_impulso/P
articula_impulso.png  used on input line 322.
(pdftex.def)             Requested size: 229.45755pt x 31.31703pt.

Underfull \vbox (badness 2376) has occurred while \output is active []

LaTeX Info: Redefining \. on input line 324.
LaTeX Info: Redefining \% on input line 324.
 [34

 <./img//Memoria/Aspectos_relevantes/Creadores_impulso/Creadores_impulso_UML.pn
g>]
<./img//Memoria/Aspectos_relevantes/Creadores_impulso/Plataforma_salto.png, id=
946, 286.82156pt x 39.14626pt>
File: ./img//Memoria/Aspectos_relevantes/Creadores_impulso/Plataforma_salto.png
 Graphic file (type png)
<use ./img//Memoria/Aspectos_relevantes/Creadores_impulso/Plataforma_salto.png>

Package pdftex.def Info: ./img//Memoria/Aspectos_relevantes/Creadores_impulso/P
lataforma_salto.png  used on input line 330.
(pdftex.def)             Requested size: 229.45755pt x 31.31703pt.
<./img//Memoria/Aspectos_relevantes/Creadores_impulso/Amplificador_impulso.png,
 id=947, 286.82156pt x 39.14626pt>
File: ./img//Memoria/Aspectos_relevantes/Creadores_impulso/Amplificador_impulso
.png Graphic file (type png)
<use ./img//Memoria/Aspectos_relevantes/Creadores_impulso/Amplificador_impulso.
png>
Package pdftex.def Info: ./img//Memoria/Aspectos_relevantes/Creadores_impulso/A
mplificador_impulso.png  used on input line 338.
(pdftex.def)             Requested size: 229.45755pt x 31.31703pt.

Underfull \hbox (badness 10000) in paragraph at lines 343--344

 []

<./img//Memoria/Aspectos_relevantes/Animadores/Herencia_animators.png, id=948, 
265.74281pt x 444.91219pt>
File: ./img//Memoria/Aspectos_relevantes/Animadores/Herencia_animators.png Grap
hic file (type png)
<use ./img//Memoria/Aspectos_relevantes/Animadores/Herencia_animators.png>
Package pdftex.def Info: ./img//Memoria/Aspectos_relevantes/Animadores/Herencia
_animators.png  used on input line 348.
(pdftex.def)             Requested size: 212.59453pt x 355.93022pt.

LaTeX Warning: `h' float specifier changed to `ht'.

LaTeX Info: Redefining \. on input line 353.
LaTeX Info: Redefining \% on input line 353.

Overfull \vbox (0.85403pt too high) has occurred while \output is active []


[35 <./img//Memoria/Aspectos_relevantes/Creadores_impulso/Particula_impulso.png
> <./img//Memoria/Aspectos_relevantes/Creadores_impulso/Plataforma_salto.png> <
./img//Memoria/Aspectos_relevantes/Creadores_impulso/Amplificador_impulso.png>]

Underfull \vbox (badness 10000) has occurred while \output is active []

LaTeX Info: Redefining \. on input line 356.
LaTeX Info: Redefining \% on input line 356.
 [36 <./img//Memoria/Aspectos_relevantes/Animadores/Herencia_animators.png>]
<./img//Memoria/Aspectos_relevantes/Animadores/Pseudocodigo_UpdateSprite.png, i
d=966, 426.84468pt x 77.53969pt>
File: ./img//Memoria/Aspectos_relevantes/Animadores/Pseudocodigo_UpdateSprite.p
ng Graphic file (type png)
<use ./img//Memoria/Aspectos_relevantes/Animadores/Pseudocodigo_UpdateSprite.pn
g>
Package pdftex.def Info: ./img//Memoria/Aspectos_relevantes/Animadores/Pseudoco
digo_UpdateSprite.png  used on input line 363.
(pdftex.def)             Requested size: 426.84364pt x 77.53947pt.

Overfull \hbox (43.84364pt too wide) in paragraph at lines 363--364
[][] 
 []

LaTeX Info: Redefining \. on input line 370.
LaTeX Info: Redefining \% on input line 370.
[37 <./img//Memoria/Aspectos_relevantes/Animadores/Pseudocodigo_UpdateSprite.pn
g>]
<./img//Memoria/Aspectos_relevantes/GameController/GameController.png, id=975, 
165.61874pt x 225.84375pt>
File: ./img//Memoria/Aspectos_relevantes/GameController/GameController.png Grap
hic file (type png)
<use ./img//Memoria/Aspectos_relevantes/GameController/GameController.png>
Package pdftex.def Info: ./img//Memoria/Aspectos_relevantes/GameController/Game
Controller.png  used on input line 372.
(pdftex.def)             Requested size: 165.61833pt x 225.84319pt.
LaTeX Info: Redefining \. on input line 382.
LaTeX Info: Redefining \% on input line 382.
 [38 <./img//Memoria/Aspectos_relevantes/GameController/GameController.png>]
<./img//Memoria/Aspectos_relevantes/GameController/Pseudocodigo_starting_object
s.png, id=982, 426.84468pt x 152.06813pt>
File: ./img//Memoria/Aspectos_relevantes/GameController/Pseudocodigo_starting_o
bjects.png Graphic file (type png)
<use ./img//Memoria/Aspectos_relevantes/GameController/Pseudocodigo_starting_ob
jects.png>
Package pdftex.def Info: ./img//Memoria/Aspectos_relevantes/GameController/Pseu
docodigo_starting_objects.png  used on input line 388.
(pdftex.def)             Requested size: 426.84364pt x 152.06775pt.

Overfull \hbox (43.84364pt too wide) in paragraph at lines 388--389
[][] 
 []


Underfull \vbox (badness 7203) has occurred while \output is active []

LaTeX Info: Redefining \. on input line 395.
LaTeX Info: Redefining \% on input line 395.
 [39 <./img//Memoria/Aspectos_relevantes/GameController/Pseudocodigo_starting_o
bjects.png>]
Overfull \hbox (4.7406pt too wide) in paragraph at lines 398--400
[]\T1/lmr/m/n/12 (-20) El Pla-yer-Con-tro-ller asig-na-do al ava-tar ju-ga-ble 
(Plat-for-mer-Mo-del.player). 
 []

LaTeX Info: Redefining \. on input line 411.
LaTeX Info: Redefining \% on input line 411.
[40]
<./img//Memoria/Aspectos_relevantes/GameController/Flujo_simulation.png, id=994
, 338.01282pt x 283.81032pt>
File: ./img//Memoria/Aspectos_relevantes/GameController/Flujo_simulation.png Gr
aphic file (type png)
<use ./img//Memoria/Aspectos_relevantes/GameController/Flujo_simulation.png>
Package pdftex.def Info: ./img//Memoria/Aspectos_relevantes/GameController/Fluj
o_simulation.png  used on input line 413.
(pdftex.def)             Requested size: 338.01198pt x 283.80962pt.
LaTeX Info: Redefining \. on input line 422.
LaTeX Info: Redefining \% on input line 422.

Overfull \vbox (0.85403pt too high) has occurred while \output is active []


[41

 <./img//Memoria/Aspectos_relevantes/GameController/Flujo_simulation.png>]
<./img//Memoria/Aspectos_relevantes/Tiempo_bala/TimeManager_UML.png, id=1001, 2
00.24812pt x 278.54062pt>
File: ./img//Memoria/Aspectos_relevantes/Tiempo_bala/TimeManager_UML.png Graphi
c file (type png)
<use ./img//Memoria/Aspectos_relevantes/Tiempo_bala/TimeManager_UML.png>
Package pdftex.def Info: ./img//Memoria/Aspectos_relevantes/Tiempo_bala/TimeMan
ager_UML.png  used on input line 424.
(pdftex.def)             Requested size: 200.24763pt x 278.53993pt.
LaTeX Info: Redefining \. on input line 437.
LaTeX Info: Redefining \% on input line 437.

[42

 <./img//Memoria/Aspectos_relevantes/Tiempo_bala/TimeManager_UML.png>]
<./img//Memoria/Aspectos_relevantes/Tiempo_bala/GameObject_zona_tiempo_escalado
.png, id=1008, 426.84468pt x 127.97812pt>
File: ./img//Memoria/Aspectos_relevantes/Tiempo_bala/GameObject_zona_tiempo_esc
alado.png Graphic file (type png)
<use ./img//Memoria/Aspectos_relevantes/Tiempo_bala/GameObject_zona_tiempo_esca
lado.png>
Package pdftex.def Info: ./img//Memoria/Aspectos_relevantes/Tiempo_bala/GameObj
ect_zona_tiempo_escalado.png  used on input line 441.
(pdftex.def)             Requested size: 426.84364pt x 127.9778pt.

Overfull \hbox (43.84364pt too wide) in paragraph at lines 441--442
[][] 
 []

LaTeX Info: Redefining \. on input line 447.
LaTeX Info: Redefining \% on input line 447.

Overfull \vbox (0.85403pt too high) has occurred while \output is active []


[43 <./img//Memoria/Aspectos_relevantes/Tiempo_bala/GameObject_zona_tiempo_esca
lado.png>]
<./img//Memoria/Aspectos_relevantes/Tiempo_bala/Herencia_TimeAffectedObject.png
, id=1015, 426.84468pt x 277.035pt>
File: ./img//Memoria/Aspectos_relevantes/Tiempo_bala/Herencia_TimeAffectedObjec
t.png Graphic file (type png)
<use ./img//Memoria/Aspectos_relevantes/Tiempo_bala/Herencia_TimeAffectedObject
.png>
Package pdftex.def Info: ./img//Memoria/Aspectos_relevantes/Tiempo_bala/Herenci
a_TimeAffectedObject.png  used on input line 449.
(pdftex.def)             Requested size: 426.84364pt x 277.03432pt.

Overfull \hbox (43.84364pt too wide) in paragraph at lines 449--450
[][] 
 []

<./img//Memoria/Aspectos_relevantes/Tiempo_bala/Pseudocodigo_TimeAffectedObject
.png, id=1016, 426.84468pt x 88.07906pt>
File: ./img//Memoria/Aspectos_relevantes/Tiempo_bala/Pseudocodigo_TimeAffectedO
bject.png Graphic file (type png)
<use ./img//Memoria/Aspectos_relevantes/Tiempo_bala/Pseudocodigo_TimeAffectedOb
ject.png>
Package pdftex.def Info: ./img//Memoria/Aspectos_relevantes/Tiempo_bala/Pseudoc
odigo_TimeAffectedObject.png  used on input line 456.
(pdftex.def)             Requested size: 426.84364pt x 88.07883pt.

Overfull \hbox (43.84364pt too wide) in paragraph at lines 456--457
[][] 
 []

<./img//Memoria/Aspectos_relevantes/Menus/Transición_entre_menus.png, id=1017,
 426.99525pt x 220.4235pt>
File: ./img//Memoria/Aspectos_relevantes/Menus/Transición_entre_menus.png Grap
hic file (type png)
<use ./img//Memoria/Aspectos_relevantes/Menus/Transición_entre_menus.png>
Package pdftex.def Info: ./img//Memoria/Aspectos_relevantes/Menus/Transición_e
ntre_menus.png  used on input line 464.
(pdftex.def)             Requested size: 426.99422pt x 220.42294pt.

Overfull \hbox (43.99422pt too wide) in paragraph at lines 464--465
[][] 
 []

LaTeX Info: Redefining \. on input line 466.
LaTeX Info: Redefining \% on input line 466.
[44

 <./img//Memoria/Aspectos_relevantes/Tiempo_bala/Herencia_TimeAffectedObject.pn
g> <./img//Memoria/Aspectos_relevantes/Tiempo_bala/Pseudocodigo_TimeAffectedObj
ect.png>]
LaTeX Info: Redefining \. on input line 475.
LaTeX Info: Redefining \% on input line 475.

Overfull \vbox (0.85403pt too high) has occurred while \output is active []


[45 <./img//Memoria/Aspectos_relevantes/Menus/Transición_entre_menus.png>]
<./img//Memoria/Aspectos_relevantes/Menus/GameObject_menu_pausa.png, id=1030, 4
26.84468pt x 305.64188pt>
File: ./img//Memoria/Aspectos_relevantes/Menus/GameObject_menu_pausa.png Graphi
c file (type png)
<use ./img//Memoria/Aspectos_relevantes/Menus/GameObject_menu_pausa.png>
Package pdftex.def Info: ./img//Memoria/Aspectos_relevantes/Menus/GameObject_me
nu_pausa.png  used on input line 477.
(pdftex.def)             Requested size: 426.84364pt x 305.64111pt.

Overfull \hbox (43.84364pt too wide) in paragraph at lines 477--478
[][] 
 []

<./img//Memoria/Aspectos_relevantes/Menus/Pseudocodigo_abrir_menu_pausa.png, id
=1031, 396.7322pt x 127.97812pt>
File: ./img//Memoria/Aspectos_relevantes/Menus/Pseudocodigo_abrir_menu_pausa.pn
g Graphic file (type png)
<use ./img//Memoria/Aspectos_relevantes/Menus/Pseudocodigo_abrir_menu_pausa.png
>
Package pdftex.def Info: ./img//Memoria/Aspectos_relevantes/Menus/Pseudocodigo_
abrir_menu_pausa.png  used on input line 486.
(pdftex.def)             Requested size: 396.73122pt x 127.9778pt.

Overfull \hbox (13.73122pt too wide) in paragraph at lines 486--487
[][] 
 []


LaTeX Warning: `h' float specifier changed to `ht'.

<./img//Memoria/Aspectos_relevantes/Menus/Pseudocodigo_cerrar_menu_pausa.png, i
d=1032, 363.60844pt x 122.70844pt>
File: ./img//Memoria/Aspectos_relevantes/Menus/Pseudocodigo_cerrar_menu_pausa.p
ng Graphic file (type png)
<use ./img//Memoria/Aspectos_relevantes/Menus/Pseudocodigo_cerrar_menu_pausa.pn
g>
Package pdftex.def Info: ./img//Memoria/Aspectos_relevantes/Menus/Pseudocodigo_
cerrar_menu_pausa.png  used on input line 491.
(pdftex.def)             Requested size: 363.60754pt x 122.70813pt.

LaTeX Warning: `h' float specifier changed to `ht'.

LaTeX Info: Redefining \. on input line 497.
LaTeX Info: Redefining \% on input line 497.
[46

 <./img//Memoria/Aspectos_relevantes/Menus/GameObject_menu_pausa.png>]
LaTeX Info: Redefining \. on input line 501.
LaTeX Info: Redefining \% on input line 501.

Overfull \vbox (0.85403pt too high) has occurred while \output is active []


[47 <./img//Memoria/Aspectos_relevantes/Menus/Pseudocodigo_abrir_menu_pausa.png
> <./img//Memoria/Aspectos_relevantes/Menus/Pseudocodigo_cerrar_menu_pausa.png>
]
<./img//Memoria/Aspectos_relevantes/Menus/Patron_colores.png, id=1047, 324.4621
9pt x 224.33812pt>
File: ./img//Memoria/Aspectos_relevantes/Menus/Patron_colores.png Graphic file 
(type png)
<use ./img//Memoria/Aspectos_relevantes/Menus/Patron_colores.png>
Package pdftex.def Info: ./img//Memoria/Aspectos_relevantes/Menus/Patron_colore
s.png  used on input line 503.
(pdftex.def)             Requested size: 324.46138pt x 224.33757pt.
LaTeX Info: Redefining \. on input line 512.
LaTeX Info: Redefining \% on input line 512.
 [48

 <./img//Memoria/Aspectos_relevantes/Menus/Patron_colores.png>]
<./img//Memoria/Aspectos_relevantes/Volumen_persistente/VolumeManager_UML.png, 
id=1053, 426.84468pt x 218.31563pt>
File: ./img//Memoria/Aspectos_relevantes/Volumen_persistente/VolumeManager_UML.
png Graphic file (type png)
<use ./img//Memoria/Aspectos_relevantes/Volumen_persistente/VolumeManager_UML.p
ng>
Package pdftex.def Info: ./img//Memoria/Aspectos_relevantes/Volumen_persistente
/VolumeManager_UML.png  used on input line 515.
(pdftex.def)             Requested size: 426.84364pt x 218.31508pt.

Overfull \hbox (43.84364pt too wide) in paragraph at lines 515--516
[][] 
 []

LaTeX Info: Redefining \. on input line 521.
LaTeX Info: Redefining \% on input line 521.

Overfull \vbox (0.85403pt too high) has occurred while \output is active []


[49 <./img//Memoria/Aspectos_relevantes/Volumen_persistente/VolumeManager_UML.p
ng>]
Overfull \hbox (9.15565pt too wide) in paragraph at lines 528--529
\T1/lmr/m/n/12 (-20) tra(1): [][]$\T1/lmtt/m/n/12 https : / / www . gamasutra .
 com / blogs / ItayKeren / 20150511 / 243083 /
 []


Overfull \hbox (7.87769pt too wide) in paragraph at lines 528--529
\T1/lmtt/m/n/12 Scroll _ Back _ The _ Theory _ and _ Practice _ of _ Cameras _ 
in _ SideScrollers .
 []

LaTeX Info: Redefining \. on input line 534.
LaTeX Info: Redefining \% on input line 534.
[50]
LaTeX Info: Redefining \. on input line 542.
LaTeX Info: Redefining \% on input line 542.

Overfull \vbox (0.85403pt too high) has occurred while \output is active []


[51]
<./img//Memoria/Aspectos_relevantes/Camaras/PruebaPortalScene.png, id=1074, 426
.84468pt x 61.73062pt>
File: ./img//Memoria/Aspectos_relevantes/Camaras/PruebaPortalScene.png Graphic 
file (type png)
<use ./img//Memoria/Aspectos_relevantes/Camaras/PruebaPortalScene.png>
Package pdftex.def Info: ./img//Memoria/Aspectos_relevantes/Camaras/PruebaPorta
lScene.png  used on input line 544.
(pdftex.def)             Requested size: 426.84364pt x 61.73045pt.

Overfull \hbox (43.84364pt too wide) in paragraph at lines 544--545
[][] 
 []

LaTeX Info: Redefining \. on input line 558.
LaTeX Info: Redefining \% on input line 558.
[52

 <./img//Memoria/Aspectos_relevantes/Camaras/PruebaPortalScene.png>]
<./img//Memoria/Aspectos_relevantes/Camaras/PruebaPlayerScene.png, id=1081, 426
.84468pt x 112.92188pt>
File: ./img//Memoria/Aspectos_relevantes/Camaras/PruebaPlayerScene.png Graphic 
file (type png)
<use ./img//Memoria/Aspectos_relevantes/Camaras/PruebaPlayerScene.png>
Package pdftex.def Info: ./img//Memoria/Aspectos_relevantes/Camaras/PruebaPlaye
rScene.png  used on input line 562.
(pdftex.def)             Requested size: 426.84364pt x 112.92159pt.

Overfull \hbox (43.84364pt too wide) in paragraph at lines 562--563
[][] 
 []

LaTeX Info: Redefining \. on input line 566.
LaTeX Info: Redefining \% on input line 566.

Overfull \vbox (0.85403pt too high) has occurred while \output is active []


[53 <./img//Memoria/Aspectos_relevantes/Camaras/PruebaPlayerScene.png>]
<./img//Memoria/Aspectos_relevantes/Camaras/Camara_PruebaPlayerScene.png, id=10
88, 277.035pt x 155.07938pt>
File: ./img//Memoria/Aspectos_relevantes/Camaras/Camara_PruebaPlayerScene.png G
raphic file (type png)
<use ./img//Memoria/Aspectos_relevantes/Camaras/Camara_PruebaPlayerScene.png>
Package pdftex.def Info: ./img//Memoria/Aspectos_relevantes/Camaras/Camara_Prue
baPlayerScene.png  used on input line 568.
(pdftex.def)             Requested size: 277.03432pt x 155.07898pt.

Underfull \vbox (badness 10000) has occurred while \output is active []

LaTeX Info: Redefining \. on input line 582.
LaTeX Info: Redefining \% on input line 582.
 [54

 <./img//Memoria/Aspectos_relevantes/Camaras/Camara_PruebaPlayerScene.png>]
LaTeX Info: Redefining \. on input line 586.
LaTeX Info: Redefining \% on input line 586.

Overfull \vbox (0.85403pt too high) has occurred while \output is active []


[55]
<./img//Memoria/Aspectos_relevantes/Camaras/Camara_Cinemachine.png, id=1099, 39
3.72093pt x 220.57407pt>
File: ./img//Memoria/Aspectos_relevantes/Camaras/Camara_Cinemachine.png Graphic
 file (type png)
<use ./img//Memoria/Aspectos_relevantes/Camaras/Camara_Cinemachine.png>
Package pdftex.def Info: ./img//Memoria/Aspectos_relevantes/Camaras/Camara_Cine
machine.png  used on input line 588.
(pdftex.def)             Requested size: 393.71997pt x 220.57352pt.

Overfull \hbox (10.71997pt too wide) in paragraph at lines 588--589
[][] 
 []

LaTeX Info: Redefining \. on input line 607.
LaTeX Info: Redefining \% on input line 607.
[56

 <./img//Memoria/Aspectos_relevantes/Camaras/Camara_Cinemachine.png>]
LaTeX Info: Redefining \. on input line 613.
LaTeX Info: Redefining \% on input line 613.

Overfull \vbox (0.85403pt too high) has occurred while \output is active []


[57]
<./img//Memoria/Aspectos_relevantes/Camaras/Cinemachine_Platformer_Microgame.pn
g, id=1110, 353.82187pt x 197.98969pt>
File: ./img//Memoria/Aspectos_relevantes/Camaras/Cinemachine_Platformer_Microga
me.png Graphic file (type png)
<use ./img//Memoria/Aspectos_relevantes/Camaras/Cinemachine_Platformer_Microgam
e.png>
Package pdftex.def Info: ./img//Memoria/Aspectos_relevantes/Camaras/Cinemachine
_Platformer_Microgame.png  used on input line 615.
(pdftex.def)             Requested size: 353.821pt x 197.9892pt.
LaTeX Info: Redefining \. on input line 622.
LaTeX Info: Redefining \% on input line 622.
 [58

 <./img//Memoria/Aspectos_relevantes/Camaras/Cinemachine_Platformer_Microgame.p
ng>]
<./img//Memoria/Aspectos_relevantes/Camaras/Camara_Cinemachine_juego.png, id=11
16, 347.79938pt x 194.97844pt>
File: ./img//Memoria/Aspectos_relevantes/Camaras/Camara_Cinemachine_juego.png G
raphic file (type png)
<use ./img//Memoria/Aspectos_relevantes/Camaras/Camara_Cinemachine_juego.png>
Package pdftex.def Info: ./img//Memoria/Aspectos_relevantes/Camaras/Camara_Cine
machine_juego.png  used on input line 624.
(pdftex.def)             Requested size: 347.79852pt x 194.97795pt.
)
LaTeX Info: Redefining \. on input line 466.
LaTeX Info: Redefining \% on input line 466.

Overfull \vbox (0.85403pt too high) has occurred while \output is active []


[59 <./img//Memoria/Aspectos_relevantes/Camaras/Camara_Cinemachine_juego.png>]
\openout2 = `./tex/6_Trabajos_relacionados.aux'.


(tex/6_Trabajos_relacionados.tex [60




]
<./img//Memoria/Trabajos_relacionados/Celeste.jpg, id=1127, 426.7215pt x 240.13
35pt>
File: ./img//Memoria/Trabajos_relacionados/Celeste.jpg Graphic file (type jpg)
<use ./img//Memoria/Trabajos_relacionados/Celeste.jpg>
Package pdftex.def Info: ./img//Memoria/Trabajos_relacionados/Celeste.jpg  used
 on input line 10.
(pdftex.def)             Requested size: 213.36023pt x 120.06645pt.
 [61 <./img//Memoria/Trabajos_relacionados/Celeste.jpg>]
<./img//Memoria/Trabajos_relacionados/Super_meat_boy.png, id=1132, 426.7215pt x
 240.1335pt>
File: ./img//Memoria/Trabajos_relacionados/Super_meat_boy.png Graphic file (typ
e png)
<use ./img//Memoria/Trabajos_relacionados/Super_meat_boy.png>
Package pdftex.def Info: ./img//Memoria/Trabajos_relacionados/Super_meat_boy.pn
g  used on input line 19.
(pdftex.def)             Requested size: 298.70302pt x 168.09229pt.
LaTeX Info: Redefining \. on input line 31.
LaTeX Info: Redefining \% on input line 31.
 [62

 <./img//Memoria/Trabajos_relacionados/Super_meat_boy.png>]
<./img//Memoria/Trabajos_relacionados/Nivel_Platformer_Microgame.png, id=1138, 
426.84468pt x 67.0003pt>
File: ./img//Memoria/Trabajos_relacionados/Nivel_Platformer_Microgame.png Graph
ic file (type png)
<use ./img//Memoria/Trabajos_relacionados/Nivel_Platformer_Microgame.png>
Package pdftex.def Info: ./img//Memoria/Trabajos_relacionados/Nivel_Platformer_
Microgame.png  used on input line 41.
(pdftex.def)             Requested size: 298.78925pt x 46.89987pt.
LaTeX Info: Redefining \. on input line 51.
LaTeX Info: Redefining \% on input line 51.

Overfull \vbox (0.85403pt too high) has occurred while \output is active []


[63 <./img//Memoria/Trabajos_relacionados/Nivel_Platformer_Microgame.png>]
LaTeX Info: Redefining \. on input line 68.
LaTeX Info: Redefining \% on input line 68.

[64]
LaTeX Info: Redefining \. on input line 82.
LaTeX Info: Redefining \% on input line 82.

Overfull \vbox (0.85403pt too high) has occurred while \output is active []


[65]
LaTeX Info: Redefining \. on input line 95.
LaTeX Info: Redefining \% on input line 95.
 [66]
LaTeX Info: Redefining \. on input line 110.
LaTeX Info: Redefining \% on input line 110.

Overfull \vbox (0.85403pt too high) has occurred while \output is active []


[67])
LaTeX Info: Redefining \. on input line 467.
LaTeX Info: Redefining \% on input line 467.
 [68]
\openout2 = `./tex/7_Conclusiones_Lineas_de_trabajo_futuras.aux'.

 (tex/7_Conclusiones_Lineas_de_trabajo_futuras.tex [69




]
LaTeX Info: Redefining \. on input line 24.
LaTeX Info: Redefining \% on input line 24.
 [70]
LaTeX Info: Redefining \. on input line 39.
LaTeX Info: Redefining \% on input line 39.

Overfull \vbox (0.85403pt too high) has occurred while \output is active []


[71]
Underfull \vbox (badness 6001) has occurred while \output is active []

LaTeX Info: Redefining \. on input line 51.
LaTeX Info: Redefining \% on input line 51.
 [72]
LaTeX Info: Redefining \. on input line 61.
LaTeX Info: Redefining \% on input line 61.

Overfull \vbox (0.85403pt too high) has occurred while \output is active []


[73]
LaTeX Info: Redefining \. on input line 83.
LaTeX Info: Redefining \% on input line 83.
 [74])
LaTeX Info: Redefining \. on input line 468.
LaTeX Info: Redefining \% on input line 468.

Overfull \vbox (0.85403pt too high) has occurred while \output is active []


[75]
LaTeX Info: Redefining \. on input line 468.
LaTeX Info: Redefining \% on input line 468.
 [76] (memoria.bbl
bibitemlist
)

Class memoir Warning: The material used in the headers is too large
(29.85403pt) for the given head height (14.5pt), it is recommended to
either increase the head height or redesign the header
(in both cases you will find help in the memoir manual). on input line 474.

[77



]
\tf@toc=\write5
\openout5 = `memoria.toc'.

\tf@lof=\write6
\openout6 = `memoria.lof'.

\tf@lot=\write7
\openout7 = `memoria.lot'.

 (memoria.aux
LaTeX Info: Redefining \. on input line 26.
LaTeX Info: Redefining \% on input line 26.
LaTeX Info: Redefining \. on input line 27.
LaTeX Info: Redefining \% on input line 27.
 (tex/1_Introduccion.aux) (tex/2_Objetivos_del_proyecto.aux)
(tex/3_Conceptos_teoricos.aux) (tex/4_Tecnicas_y_herramientas.aux)
(tex/5_Aspectos_relevantes_del_desarrollo_del_proyecto.aux)
(tex/6_Trabajos_relacionados.aux)
(tex/7_Conclusiones_Lineas_de_trabajo_futuras.aux))

LaTeX Font Warning: Some font shapes were not available, defaults substituted.


LaTeX Warning: There were undefined references.

Package rerunfilecheck Info: File `memoria.out' has not changed.
(rerunfilecheck)             Checksum: 979CB4940FE6F7ABCC8315685E5BA144;6545.
 ) 
Here is how much of TeX's memory you used:
 16555 strings out of 479334
 266091 string characters out of 2870772
 636258 words of memory out of 3000000
 33202 multiletter control sequences out of 15000+200000
 484354 words of font info for 155 fonts, out of 3000000 for 9000
 1141 hyphenation exceptions out of 8191
 71i,13n,74p,1315b,832s stack positions out of 5000i,500n,10000p,200000b,50000s
{D:/Latex/MikTex/fonts/enc/dvips/lm/lm-ec.enc}{D:/Latex/MikTex/fonts/enc/dvip
s/lm/lm-mathit.enc}{D:/Latex/MikTex/fonts/enc/dvips/lm/lm-rm.enc}{D:/Latex/MikT
ex/fonts/enc/dvips/lm/lm-mathsy.enc}{D:/Latex/MikTex/fonts/enc/dvips/lm/lm-ts1.
enc}<D:/Latex/MikTex/fonts/type1/public/lm/lmbx10.pfb><D:/Latex/MikTex/fonts/ty
pe1/public/lm/lmbx12.pfb><D:/Latex/MikTex/fonts/type1/public/lm/lmcsc10.pfb><D:
/Latex/MikTex/fonts/type1/public/lm/lmmi12.pfb><D:/Latex/MikTex/fonts/type1/pub
lic/lm/lmmi8.pfb><D:/Latex/MikTex/fonts/type1/public/lm/lmr10.pfb><D:/Latex/Mik
Tex/fonts/type1/public/lm/lmr12.pfb><D:/Latex/MikTex/fonts/type1/public/lm/lmr1
7.pfb><D:/Latex/MikTex/fonts/type1/public/lm/lmr6.pfb><D:/Latex/MikTex/fonts/ty
pe1/public/lm/lmr8.pfb><D:/Latex/MikTex/fonts/type1/public/lm/lmri12.pfb><D:/La
tex/MikTex/fonts/type1/public/lm/lmro12.pfb><D:/Latex/MikTex/fonts/type1/public
/lm/lmssbx10.pfb><D:/Latex/MikTex/fonts/type1/public/lm/lmsy10.pfb><D:/Latex/Mi
kTex/fonts/type1/public/lm/lmtt12.pfb>
Output written on memoria.pdf (91 pages, 2453912 bytes).
PDF statistics:
 1342 PDF objects out of 1440 (max. 8388607)
 242 named destinations out of 1000 (max. 500000)
 48156 words of extra memory for PDF output out of 51595 (max. 10000000)

