\BOOKMARK [0][-]{section*.1}{\376\377\000\315\000n\000d\000i\000c\000e\000\040\000g\000e\000n\000e\000r\000a\000l}{}% 1
\BOOKMARK [0][-]{section*.2}{\376\377\000\315\000n\000d\000i\000c\000e\000\040\000d\000e\000\040\000f\000i\000g\000u\000r\000a\000s}{}% 2
\BOOKMARK [0][-]{section*.3}{\376\377\000\315\000n\000d\000i\000c\000e\000\040\000d\000e\000\040\000t\000a\000b\000l\000a\000s}{}% 3
\BOOKMARK [0][-]{chapter*.4}{\376\377\000I\000n\000t\000r\000o\000d\000u\000c\000c\000i\000\363\000n}{}% 4
\BOOKMARK [1][-]{section.1.1}{\376\377\000M\000a\000t\000e\000r\000i\000a\000l\000e\000s\000\040\000A\000d\000j\000u\000n\000t\000o\000s}{chapter*.4}% 5
\BOOKMARK [1][-]{section.1.2}{\376\377\000E\000s\000t\000r\000u\000c\000t\000u\000r\000a\000\040\000d\000e\000\040\000l\000a\000\040\000m\000e\000m\000o\000r\000i\000a}{chapter*.4}% 6
\BOOKMARK [1][-]{section.1.3}{\376\377\000A\000n\000e\000x\000o\000s}{chapter*.4}% 7
\BOOKMARK [0][-]{chapter*.5}{\376\377\000O\000b\000j\000e\000t\000i\000v\000o\000s\000\040\000d\000e\000l\000\040\000p\000r\000o\000y\000e\000c\000t\000o}{}% 8
\BOOKMARK [0][-]{chapter*.6}{\376\377\000C\000o\000n\000c\000e\000p\000t\000o\000s\000\040\000t\000e\000\363\000r\000i\000c\000o\000s}{}% 9
\BOOKMARK [1][-]{section.3.1}{\376\377\000U\000n\000i\000t\000y\000\040\000U\000n\000i\000t\000y}{chapter*.6}% 10
\BOOKMARK [0][-]{chapter*.12}{\376\377\000T\000\351\000c\000n\000i\000c\000a\000s\000\040\000y\000\040\000h\000e\000r\000r\000a\000m\000i\000e\000n\000t\000a\000s}{}% 11
\BOOKMARK [1][-]{section.4.1}{\376\377\000M\000o\000t\000o\000r\000\040\000g\000r\000\341\000f\000i\000c\000o}{chapter*.12}% 12
\BOOKMARK [0][-]{chapter*.16}{\376\377\000A\000s\000p\000e\000c\000t\000o\000s\000\040\000r\000e\000l\000e\000v\000a\000n\000t\000e\000s\000\040\000d\000e\000l\000\040\000d\000e\000s\000a\000r\000r\000o\000l\000l\000o\000\040\000d\000e\000l\000\040\000p\000r\000o\000y\000e\000c\000t\000o}{}% 13
\BOOKMARK [1][-]{section.5.1}{\376\377\000A\000r\000q\000u\000i\000t\000e\000c\000t\000u\000r\000a\000\040\000d\000e\000l\000\040\000P\000l\000a\000y\000e\000r}{chapter*.16}% 14
\BOOKMARK [1][-]{section.5.2}{\376\377\000S\000i\000s\000t\000e\000m\000a\000\040\000d\000e\000\040\000c\000o\000l\000i\000s\000i\000o\000n\000e\000s\000\040\000C\000o\000n\000t\000i\000n\000u\000o\000u\000s\000C\000o\000l\000l\000i\000s\000i\000o\000n\000U\000n\000d\000e\000r\000s\000t\000a\000n\000d\000i\000n\000g\000C\000o\000n\000s\000t\000r\000a\000i\000n\000t\000s}{chapter*.16}% 15
\BOOKMARK [1][-]{section.5.3}{\376\377\000S\000i\000s\000t\000e\000m\000a\000\040\000d\000e\000\040\000g\000e\000s\000t\000i\000\363\000n\000\040\000d\000e\000\040\000l\000a\000s\000\040\000m\000o\000d\000i\000f\000i\000c\000a\000c\000i\000o\000n\000e\000s\000\040\000g\000r\000a\000v\000i\000t\000a\000t\000o\000r\000i\000a\000s}{chapter*.16}% 16
\BOOKMARK [1][-]{section.5.4}{\376\377\000I\000m\000p\000l\000e\000m\000e\000n\000t\000a\000c\000i\000\363\000n\000\040\000d\000e\000\040\000l\000o\000s\000\040\000o\000b\000s\000t\000\341\000c\000u\000l\000o\000s}{chapter*.16}% 17
\BOOKMARK [1][-]{section.5.5}{\376\377\000I\000m\000p\000l\000e\000m\000e\000n\000t\000c\000a\000c\000i\000\363\000n\000\040\000d\000e\000\040\000l\000o\000s\000\040\000p\000o\000r\000t\000a\000l\000e\000s}{chapter*.16}% 18
\BOOKMARK [1][-]{section.5.6}{\376\377\000C\000r\000e\000a\000d\000o\000r\000e\000s\000\040\000d\000e\000\040\000i\000m\000p\000u\000l\000s\000o}{chapter*.16}% 19
\BOOKMARK [1][-]{section.5.7}{\376\377\000A\000n\000i\000m\000a\000c\000i\000\363\000n\000\040\000d\000e\000\040\000l\000o\000s\000\040\000s\000p\000r\000i\000t\000e\000s}{chapter*.16}% 20
\BOOKMARK [1][-]{section.5.8}{\376\377\000C\000l\000a\000s\000e\000\040\000G\000a\000m\000e\000C\000o\000n\000t\000r\000o\000l\000l\000e\000r\000\040\000y\000\040\000e\000s\000t\000a\000d\000o\000\040\000d\000e\000\040\000j\000u\000e\000g\000o\000\040\000e\000s\000t\000a\000b\000l\000e}{chapter*.16}% 21
\BOOKMARK [1][-]{section.5.9}{\376\377\000M\000e\000c\000\341\000n\000i\000c\000a\000s\000\040\000d\000e\000\040\000t\000i\000e\000m\000p\000o\000\040\000b\000a\000l\000a}{chapter*.16}% 22
\BOOKMARK [1][-]{section.5.10}{\376\377\000M\000e\000n\000\372\000s\000\040\000d\000e\000\040\000l\000o\000s\000\040\000j\000u\000e\000g\000o\000s}{chapter*.16}% 23
\BOOKMARK [1][-]{section.5.11}{\376\377\000S\000i\000s\000t\000e\000m\000a\000\040\000d\000e\000\040\000m\000o\000d\000i\000f\000i\000c\000a\000c\000i\000\363\000n\000\040\000d\000e\000\040\000v\000o\000l\000u\000m\000e\000n\000\040\000p\000e\000r\000s\000i\000s\000t\000e\000n\000t\000e}{chapter*.16}% 24
\BOOKMARK [1][-]{section.5.12}{\376\377\000D\000e\000s\000a\000r\000r\000o\000l\000l\000o\000\040\000d\000e\000\040\000l\000a\000\040\000g\000e\000s\000t\000i\000\363\000n\000\040\000d\000e\000\040\000l\000a\000\040\000c\000\341\000m\000a\000r\000a}{chapter*.16}% 25
\BOOKMARK [0][-]{chapter*.48}{\376\377\000T\000r\000a\000b\000a\000j\000o\000s\000\040\000r\000e\000l\000a\000c\000i\000o\000n\000a\000d\000o\000s}{}% 26
\BOOKMARK [1][-]{section.6.1}{\376\377\000J\000u\000e\000g\000o\000s\000\040\000s\000i\000m\000i\000l\000a\000r\000e\000s\000\040\000e\000n\000\040\000g\000\351\000n\000e\000r\000o\000\040\000y\000\040\000m\000e\000c\000\341\000n\000i\000c\000a\000s}{chapter*.48}% 27
\BOOKMARK [1][-]{section.6.2}{\376\377\000E\000v\000a\000l\000u\000a\000c\000i\000\363\000n\000\040\000d\000e\000\040\000P\000l\000a\000t\000a\000f\000o\000r\000m\000e\000r\000\040\000M\000i\000c\000r\000o\000g\000a\000m\000e\000\040\000P\000l\000a\000t\000f\000o\000r\000m\000e\000r\000M\000i\000c\000r\000o\000g\000a\000m\000e}{chapter*.48}% 28
\BOOKMARK [0][-]{chapter*.65}{\376\377\000C\000o\000n\000c\000l\000u\000s\000i\000o\000n\000e\000s\000\040\000y\000\040\000L\000\355\000n\000e\000a\000s\000\040\000d\000e\000\040\000t\000r\000a\000b\000a\000j\000o\000\040\000f\000u\000t\000u\000r\000a\000s}{}% 29
\BOOKMARK [1][-]{section.7.1}{\376\377\000\277\000Q\000u\000\351\000\040\000h\000e\000\040\000a\000p\000r\000e\000n\000d\000i\000d\000o\000\040\000s\000o\000b\000r\000e\000\040\000e\000l\000\040\000d\000e\000s\000a\000r\000r\000o\000l\000l\000o\000\040\000d\000e\000\040\000v\000i\000d\000e\000o\000j\000u\000e\000g\000o\000s\000\040\000\050\000c\000o\000m\000o\000\040\000p\000r\000o\000d\000u\000c\000t\000o\000\040\000s\000o\000f\000t\000w\000a\000r\000e\000\051\000?}{chapter*.65}% 30
\BOOKMARK [1][-]{section.7.2}{\376\377\000O\000p\000i\000n\000i\000\363\000n\000\040\000s\000o\000b\000r\000e\000\040\000U\000n\000i\000t\000y}{chapter*.65}% 31
\BOOKMARK [1][-]{section.7.3}{\376\377\000L\000\355\000n\000e\000a\000s\000\040\000d\000e\000\040\000t\000r\000a\000b\000a\000j\000o\000\040\000f\000u\000t\000u\000r\000a\000s}{chapter*.65}% 32
\BOOKMARK [0][-]{chapter*.74}{\376\377\000B\000i\000b\000l\000i\000o\000g\000r\000a\000f\000\355\000a}{}% 33
